#
# A fatal error has been detected by the Java Runtime Environment:
#
#  Internal Error (jvmciRuntime.cpp:1609), pid=54, tid=74
#  fatal error: Fatal exception in JVMCI: Error calling jdk.vm.ci.services.Services.serializeSavedProperties
#
# JRE version: OpenJDK Runtime Environment GraalVM CE 22.3.0 (17.0.5+8) (build 17.0.5+8-jvmci-22.3-b08)
# Java VM: OpenJDK 64-Bit Server VM GraalVM CE 22.3.0 (17.0.5+8-jvmci-22.3-b08, mixed mode, sharing, tiered, jvmci, jvmci compiler, compressed oops, compressed class ptrs, parallel gc, linux-amd64)
# Problematic frame:
# V  [libjvm.so+0x972714]  JVMCIRuntime::fatal_exception(JVMCIEnv*, char const*)+0x74
#
# Core dump will be written. Default location: Core dumps may be processed with "/usr/share/apport/apport -p%p -s%s -c%c -d%d -P%P -u%u -g%g -- %E" (or dumping to /home/runner/CS-140-Lab-4/core.54)
#
# If you would like to submit a bug report, please visit:
#   https://github.com/oracle/graal/issues
#

---------------  S U M M A R Y ------------

Command Line: -XX:ThreadPriorityPolicy=1 -XX:+UnlockExperimentalVMOptions -XX:+EnableJVMCIProduct -XX:JVMCIThreadsPerNativeLibraryRuntime=1 -XX:-UnlockExperimentalVMOptions -Declipse.application=org.eclipse.jdt.ls.core.id1 -Dosgi.bundles.defaultStartLevel=4 -Declipse.product=org.eclipse.jdt.ls.core.product -Dlog.level=ALL -Xverify:none -XX:+UseParallelGC -XX:GCTimeRatio=4 -XX:AdaptiveSizePolicyWeight=90 -Dsun.zip.disableMemoryMapping=true -Xmx512m -Xms100m /nix/store/m6gcpi1ii6rghy04cjwjddcavv7i90df-jdt-language-server-1.9.0/share/java/plugins/org.eclipse.equinox.launcher_1.6.400.v20210924-0641.jar --add-modules=ALL-SYSTEM --add-opens java.base/java.util=ALL-UNNAMED --add-opens java.base/java.lang=ALL-UNNAMED -configuration /home/runner/.cache/jdt-language-server/config -data /home/runner/.cache/jdt-language-server/data/home/runner/CS-140-Lab-4

Host: AMD EPYC 7B12, 8 cores, 1G, Ubuntu 20.04.2 LTS
Time: Wed Feb 15 00:35:15 2023 UTC elapsed time: 850.399599 seconds (0d 0h 14m 10s)

---------------  T H R E A D  ---------------

Current thread (0x00007f19c80b2210):  JavaThread "JVMCI-native CompilerThread0" daemon [_thread_in_vm, id=74, stack(0x00007f19ad51a000,0x00007f19ad71a000)]


Current CompileTask:
JVMCI-native: 850399 10215       4       java.security.CodeSource::getCertificates (98 bytes)

Stack: [0x00007f19ad51a000,0x00007f19ad71a000],  sp=0x00007f19ad718380,  free space=2040k
Native frames: (J=compiled Java code, j=interpreted, Vv=VM code, C=native code)
V  [libjvm.so+0x972714]  JVMCIRuntime::fatal_exception(JVMCIEnv*, char const*)+0x74
V  [libjvm.so+0x93e2fe]  JVMCIEnv::copy_saved_properties()+0x14e
V  [libjvm.so+0x9732a9]  JVMCIRuntime::initialize(JVMCIEnv*)+0xb19
V  [libjvm.so+0x9738a2]  JVMCIRuntime::get_HotSpotJVMCIRuntime(JVMCIEnv*)+0x12
V  [libjvm.so+0x9749f2]  JVMCIRuntime::compile_method(JVMCIEnv*, JVMCICompiler*, methodHandle const&, int)+0xd2
V  [libjvm.so+0x5b0d20]  CompileBroker::invoke_compiler_on_method(CompileTask*)+0x1470
V  [libjvm.so+0x5b12e8]  CompileBroker::compiler_thread_loop()+0x528
V  [libjvm.so+0xd82460]  JavaThread::thread_main_inner()+0xd0
V  [libjvm.so+0xd85a40]  Thread::call_run()+0xc0
V  [libjvm.so+0xbdb1e1]  thread_native_entry(Thread*)+0xe1

Register to memory mapping:

RAX=0x00007f19cd1ef000 points into unknown readable memory: 0x0000000000000058 | 58 00 00 00 00 00 00 00
RBX=0x00007f19ce2ea398: <offset 0x0000000000ef5398> in /nix/store/gpxl5qgg8kicmcvivwmybwjlpf7wh20l-graalvm17-ce-22.3.0/lib/server/libjvm.so at 0x00007f19cd3f5000
RCX=0x00007f19ce2a21e8: <offset 0x0000000000ead1e8> in /nix/store/gpxl5qgg8kicmcvivwmybwjlpf7wh20l-graalvm17-ce-22.3.0/lib/server/libjvm.so at 0x00007f19cd3f5000
RDX=0x0000000000000649 is an unknown value
RSP=0x00007f19ad718380 is pointing into the stack for thread: 0x00007f19c80b2210
RBP=0x00007f19ad7183a0 is pointing into the stack for thread: 0x00007f19c80b2210
RSI=0x00007f19ce2eac48: <offset 0x0000000000ef5c48> in /nix/store/gpxl5qgg8kicmcvivwmybwjlpf7wh20l-graalvm17-ce-22.3.0/lib/server/libjvm.so at 0x00007f19cd3f5000
RDI=0x00000000e0000000 is an oop: java.lang.String 
{0x00000000e0000000} - klass: 'java/lang/String'
 - string: "org.eclipse.osgi.container.ModuleContainer$ContainerWiring"
R8 =0x00007f19ce2ea398: <offset 0x0000000000ef5398> in /nix/store/gpxl5qgg8kicmcvivwmybwjlpf7wh20l-graalvm17-ce-22.3.0/lib/server/libjvm.so at 0x00007f19cd3f5000
R9 =0x00007f19ad718330 is pointing into the stack for thread: 0x00007f19c80b2210
R10=0x00007f19ad719948 is pointing into the stack for thread: 0x00007f19c80b2210
R11=0x0000000000000293 is an unknown value
R12=0x0 is NULL
R13=0x00007f19c80b2210 is a thread
R14=0x00007f19c8000b80 points into unknown readable memory: 0x00007f19ce51ba38 | 38 ba 51 ce 19 7f 00 00
R15=0x00007f19ce629e40: <offset 0x0000000001234e40> in /nix/store/gpxl5qgg8kicmcvivwmybwjlpf7wh20l-graalvm17-ce-22.3.0/lib/server/libjvm.so at 0x00007f19cd3f5000


Registers:
RAX=0x00007f19cd1ef000, RBX=0x00007f19ce2ea398, RCX=0x00007f19ce2a21e8, RDX=0x0000000000000649
RSP=0x00007f19ad718380, RBP=0x00007f19ad7183a0, RSI=0x00007f19ce2eac48, RDI=0x00000000e0000000
R8 =0x00007f19ce2ea398, R9 =0x00007f19ad718330, R10=0x00007f19ad719948, R11=0x0000000000000293
R12=0x0000000000000000, R13=0x00007f19c80b2210, R14=0x00007f19c8000b80, R15=0x00007f19ce629e40
RIP=0x00007f19cdd67714, EFLAGS=0x0000000000010206, CSGSFS=0x002b000000000033, ERR=0x0000000000000006
  TRAPNO=0x000000000000000e

Top of Stack: (sp=0x00007f19ad718380)
0x00007f19ad718380:   00007f19ad718940 00007f19c80b2210
0x00007f19ad718390:   00007f19ccb808c8 0000000800c415a8
0x00007f19ad7183a0:   00007f19ad718500 00007f19cdd332fe
0x00007f19ad7183b0:   00007f19ad7183e0 00007f19ad718440 

Instructions: (pc=0x00007f19cdd67714)
0x00007f19cdd67614:   30 e8 f6 cf e8 ff 4c 89 e7 e8 2e 48 d1 ff 84 db
0x00007f19cdd67624:   75 2a 4d 85 ed 74 04 4d 8b 6d 00 48 83 c4 08 44
0x00007f19cdd67634:   89 f9 4c 89 f2 4c 89 ee 5b 4c 89 e7 41 5c 41 5d
0x00007f19cdd67644:   41 5e 41 5f 5d e9 e2 47 d1 ff 66 90 48 83 c4 08
0x00007f19cdd67654:   5b 41 5c 41 5d 41 5e 41 5f 5d c3 90 31 d2 be 08
0x00007f19cdd67664:   00 00 00 4c 89 ff e8 b1 78 a3 ff 49 89 c5 e9 37
0x00007f19cdd67674:   ff ff ff 66 0f 1f 84 00 00 00 00 00 48 8b 7a 08
0x00007f19cdd67684:   e9 6d ff ff ff 0f 1f 80 00 00 00 00 e8 5b 48 0a
0x00007f19cdd67694:   00 84 c0 75 89 e9 6a ff ff ff 66 90 55 48 89 e5
0x00007f19cdd676a4:   41 56 41 55 41 54 49 89 fc 53 48 89 f3 66 48 8d
0x00007f19cdd676b4:   3d 27 5e 85 00 66 66 48 e8 df 43 8d ff 4c 8b 28
0x00007f19cdd676c4:   8b 05 be 72 8a 00 85 c0 75 14 ba 01 00 00 00 48
0x00007f19cdd676d4:   8d 0d ae 72 8a 00 f0 0f b1 11 85 c0 74 4e be c8
0x00007f19cdd676e4:   00 00 00 4c 89 ef e8 01 0b 41 00 48 8d 05 12 ac
0x00007f19cdd676f4:   85 00 49 89 d8 48 8d 0d e8 aa 53 00 ba 49 06 00
0x00007f19cdd67704:   00 48 8d 35 3c 35 58 00 bf 00 00 00 e0 48 8b 00
0x00007f19cdd67714:   c6 00 58 31 c0 e8 e2 91 c6 ff 5b 41 5c 41 5d 41
0x00007f19cdd67724:   5e 5d e9 55 34 26 00 0f 1f 44 00 00 48 8d 05 81
0x00007f19cdd67734:   a3 8b 00 48 89 df 4c 8b 30 e8 9e 43 8d ff 48 89
0x00007f19cdd67744:   de 48 89 c2 49 8b 06 4c 89 f7 ff 50 08 4c 89 f7
0x00007f19cdd67754:   e8 a7 5c 27 00 4d 85 e4 74 12 be 01 00 00 00 4c
0x00007f19cdd67764:   89 e7 e8 35 43 fc ff eb 82 0f 1f 00 be 01 00 00
0x00007f19cdd67774:   00 4c 89 ef e8 d3 fd ff ff e9 6d ff ff ff 66 66
0x00007f19cdd67784:   2e 0f 1f 84 00 00 00 00 00 0f 1f 00 55 48 89 e5
0x00007f19cdd67794:   41 57 41 56 41 55 41 54 53 48 81 ec 08 02 00 00
0x00007f19cdd677a4:   64 48 8b 04 25 28 00 00 00 48 89 45 c8 8b 07 83
0x00007f19cdd677b4:   f8 02 0f 84 11 04 00 00 4c 8b 6f 18 49 89 ff 49
0x00007f19cdd677c4:   89 f4 4d 85 ed 74 14 4c 89 ef e8 5d 57 22 00 41
0x00007f19cdd677d4:   8b 07 83 f8 02 0f 84 19 04 00 00 48 8d 1d 9a 06
0x00007f19cdd677e4:   8a 00 4c 8d 35 0b 3c 58 00 eb 38 90 48 85 d2 7f
0x00007f19cdd677f4:   0d 48 8d 05 b4 c0 85 00 48 83 38 00 7e 0e 41 8b
0x00007f19cdd67804:   77 2c 4c 89 f7 31 c0 e8 a0 b2 f7 ff 49 8b 7f 18 


Stack slot to memory mapping:
stack at sp + 0 slots: 0x00007f19ad718940 is pointing into the stack for thread: 0x00007f19c80b2210
stack at sp + 1 slots: 0x00007f19c80b2210 is a thread
stack at sp + 2 slots: 0x00007f19ccb808c8 points into unknown readable memory: 0x6573001880c9ffff | ff ff c9 80 18 00 73 65
stack at sp + 3 slots: 0x0000000800c415a8 is a pointer to class: 
jdk.vm.ci.services.Services {0x0000000800c415a8}
 - instance size:     2
 - klass size:        65
 - access:            public final synchronized 
 - state:             fully_initialized
 - name:              'jdk/vm/ci/services/Services'
 - super:             'java/lang/Object'
 - sub:               
 - arrays:            NULL
 - methods:           Array<T>(0x00007f19adc3f9c8)
 - method ordering:   Array<T>(0x0000000800928960)
 - default_methods:   Array<T>(0x0000000000000000)
 - local interfaces:  Array<T>(0x00000008005ce810)
 - trans. interfaces: Array<T>(0x00000008005ce810)
 - constants:         constant pool [427] {0x00007f19adc3eaa8} for 'jdk/vm/ci/services/Services' cache=0x00007f19adc40c98
 - class loader data:  loader data: 0x00007f19c80283f0 of 'bootstrap'
 - source file:       'Services.java'
 - class annotations:       Array<T>(0x0000000000000000)
 - class type annotations:  Array<T>(0x0000000000000000)
 - field annotations:       Array<T>(0x0000000000000000)
 - field type annotations:  Array<T>(0x0000000000000000)
 - inner classes:     Array<T>(0x00007f19adc40c68)
 - nest members:     Array<T>(0x00007f19adc40c88)
 - permitted subclasses:     Array<T>(0x00000008005ce7a0)
 - java mirror:       a 'java/lang/Class'{0x00000000e017caf8} = 'jdk/vm/ci/services/Services'
 - vtable length      5  (start addr: 0x0000000800c41778)
 - itable length      2 (start addr: 0x0000000800c417a0)
 - ---- static fields (3 words):
 - public static final 'IS_BUILDING_NATIVE_IMAGE' 'Z' @128 
 - public static final 'IS_IN_NATIVE_IMAGE' 'Z' @129 
 - private static volatile 'savedProperties' 'Ljava/util/Map;' @112 
 - static final 'JVMCI_ENABLED' 'Z' @130 
 - private static final 'servicesCache' 'Ljava/util/Map;' @116 
 - private static final 'MAX_UNICODE_IN_UTF8_LENGTH' 'I' @120 
 - private static final 'MAX_UTF8_PROPERTY_STRING_LENGTH' 'I' @124 
 - ---- non-static fields (0 words):
 - non-static oop maps: 
stack at sp + 4 slots: 0x00007f19ad718500 is pointing into the stack for thread: 0x00007f19c80b2210
stack at sp + 5 slots: 0x00007f19cdd332fe: <offset 0x000000000093e2fe> in /nix/store/gpxl5qgg8kicmcvivwmybwjlpf7wh20l-graalvm17-ce-22.3.0/lib/server/libjvm.so at 0x00007f19cd3f5000
stack at sp + 6 slots: 0x00007f19ad7183e0 is pointing into the stack for thread: 0x00007f19c80b2210
stack at sp + 7 slots: 0x00007f19ad718440 is pointing into the stack for thread: 0x00007f19c80b2210


---------------  P R O C E S S  ---------------

Threads class SMR info:
_java_thread_list=0x00007f193006e830, length=37, elements={
0x00007f19c8026690, 0x00007f19c80a64d0, 0x00007f19c80a7910, 0x00007f19c80ae080,
0x00007f19c80af430, 0x00007f19c80b0820, 0x00007f19c80b2210, 0x00007f19c80b3720,
0x00007f19c80b4b70, 0x00007f19c80d7ab0, 0x00007f19c81201f0, 0x00007f19c8303460,
0x00007f19c8336470, 0x00007f19c8338dd0, 0x00007f19c83652b0, 0x00007f195c017030,
0x00007f195c2a28b0, 0x00007f19500010d0, 0x00007f195c47ead0, 0x00007f195c5ea250,
0x00007f19c8470450, 0x00007f1944000ff0, 0x00007f19c8615120, 0x00007f193815fcf0,
0x00007f19381608c0, 0x00007f193813ed40, 0x00007f19381433d0, 0x00007f19381617a0,
0x00007f193815f180, 0x00007f1938140180, 0x00007f19381444c0, 0x00007f19381b5770,
0x00007f193812f2e0, 0x00007f193812fe40, 0x00007f19381b6310, 0x00007f194404bbe0,
0x00007f1930037dc0
}

Java Threads: ( => current thread )
  0x00007f19c8026690 JavaThread "main" [_thread_blocked, id=64, stack(0x00007f19cd210000,0x00007f19cd310000)]
  0x00007f19c80a64d0 JavaThread "Reference Handler" daemon [_thread_blocked, id=69, stack(0x00007f19cc227000,0x00007f19cc327000)]
  0x00007f19c80a7910 JavaThread "Finalizer" daemon [_thread_blocked, id=70, stack(0x00007f19cc127000,0x00007f19cc227000)]
  0x00007f19c80ae080 JavaThread "Signal Dispatcher" daemon [_thread_blocked, id=71, stack(0x00007f19cc027000,0x00007f19cc127000)]
  0x00007f19c80af430 JavaThread "Service Thread" daemon [_thread_blocked, id=72, stack(0x00007f19ad81a000,0x00007f19ad91a000)]
  0x00007f19c80b0820 JavaThread "Monitor Deflation Thread" daemon [_thread_blocked, id=73, stack(0x00007f19ad71a000,0x00007f19ad81a000)]
=>0x00007f19c80b2210 JavaThread "JVMCI-native CompilerThread0" daemon [_thread_in_vm, id=74, stack(0x00007f19ad51a000,0x00007f19ad71a000)]
  0x00007f19c80b3720 JavaThread "C1 CompilerThread0" daemon [_thread_blocked, id=75, stack(0x00007f19ad31a000,0x00007f19ad51a000)]
  0x00007f19c80b4b70 JavaThread "Sweeper thread" daemon [_thread_blocked, id=76, stack(0x00007f19ad21a000,0x00007f19ad31a000)]
  0x00007f19c80d7ab0 JavaThread "Common-Cleaner" daemon [_thread_blocked, id=77, stack(0x00007f19ad11a000,0x00007f19ad21a000)]
  0x00007f19c81201f0 JavaThread "Notification Thread" daemon [_thread_blocked, id=78, stack(0x00007f19ad01a000,0x00007f19ad11a000)]
  0x00007f19c8303460 JavaThread "Active Thread: Equinox Container: 846fb681-54e1-4ec9-849f-daa2ec288338" [_thread_blocked, id=90, stack(0x00007f19acd00000,0x00007f19ace00000)]
  0x00007f19c8336470 JavaThread "Framework Event Dispatcher: Equinox Container: 846fb681-54e1-4ec9-849f-daa2ec288338" daemon [_thread_blocked, id=91, stack(0x00007f19acb00000,0x00007f19acc00000)]
  0x00007f19c8338dd0 JavaThread "Start Level: Equinox Container: 846fb681-54e1-4ec9-849f-daa2ec288338" daemon [_thread_blocked, id=92, stack(0x00007f19ac900000,0x00007f19aca00000)]
  0x00007f19c83652b0 JavaThread "Refresh Thread: Equinox Container: 846fb681-54e1-4ec9-849f-daa2ec288338" daemon [_thread_blocked, id=97, stack(0x00007f19ac700000,0x00007f19ac800000)]
  0x00007f195c017030 JavaThread "SCR Component Actor" daemon [_thread_blocked, id=102, stack(0x00007f19ac500000,0x00007f19ac600000)]
  0x00007f195c2a28b0 JavaThread "Worker-JM" [_thread_blocked, id=112, stack(0x00007f19ac100000,0x00007f19ac200000)]
  0x00007f19500010d0 JavaThread "Worker-1: Publish Diagnostics" [_thread_blocked, id=114, stack(0x00007f1974700000,0x00007f1974800000)]
  0x00007f195c47ead0 JavaThread "Java indexing" daemon [_thread_blocked, id=118, stack(0x00007f1974500000,0x00007f1974600000)]
  0x00007f195c5ea250 JavaThread "Bundle File Closer" daemon [_thread_blocked, id=124, stack(0x00007f1974300000,0x00007f1974400000)]
  0x00007f19c8470450 JavaThread "pool-3-thread-1" [_thread_blocked, id=125, stack(0x00007f1974100000,0x00007f1974200000)]
  0x00007f1944000ff0 JavaThread "Worker-2: Periodic workspace save." [_thread_blocked, id=129, stack(0x00007f1973f00000,0x00007f1974000000)]
  0x00007f19c8615120 JavaThread "pool-2-thread-1" [_thread_blocked, id=134, stack(0x00007f1973d00000,0x00007f1973e00000)]
  0x00007f193815fcf0 JavaThread "Thread-3" [_thread_blocked, id=222, stack(0x00007f1974600000,0x00007f1974700000)]
  0x00007f19381608c0 JavaThread "Thread-4" [_thread_blocked, id=223, stack(0x00007f1974000000,0x00007f1974100000)]
  0x00007f193813ed40 JavaThread "Thread-6" [_thread_blocked, id=228, stack(0x00007f1973500000,0x00007f1973600000)]
  0x00007f19381433d0 JavaThread "Thread-12" [_thread_blocked, id=308, stack(0x00007f1973e00000,0x00007f1973f00000)]
  0x00007f19381617a0 JavaThread "Thread-13" [_thread_blocked, id=311, stack(0x00007f1972d00000,0x00007f1972e00000)]
  0x00007f193815f180 JavaThread "Thread-15" [_thread_blocked, id=317, stack(0x00007f1973600000,0x00007f1973700000)]
  0x00007f1938140180 JavaThread "Thread-17" [_thread_blocked, id=330, stack(0x00007f1973300000,0x00007f1973400000)]
  0x00007f19381444c0 JavaThread "Thread-18" [_thread_blocked, id=354, stack(0x00007f1972f00000,0x00007f1973000000)]
  0x00007f19381b5770 JavaThread "Thread-23" [_thread_blocked, id=431, stack(0x00007f1973100000,0x00007f1973200000)]
  0x00007f193812f2e0 JavaThread "Thread-29" [_thread_blocked, id=701, stack(0x00007f19ace18000,0x00007f19acf18000)]
  0x00007f193812fe40 JavaThread "Thread-30" [_thread_blocked, id=702, stack(0x00007f19acc00000,0x00007f19acd00000)]
  0x00007f19381b6310 JavaThread "Thread-31" [_thread_blocked, id=879, stack(0x00007f1974900000,0x00007f1974a00000)]
  0x00007f194404bbe0 JavaThread "Worker-7: Compacting resource model" [_thread_blocked, id=980, stack(0x00007f1973900000,0x00007f1973a00000)]
  0x00007f1930037dc0 JavaThread "Worker-8" [_thread_blocked, id=1297, stack(0x00007f1973700000,0x00007f1973800000)]

Other Threads:
  0x00007f19c80a1c10 VMThread "VM Thread" [stack: 0x00007f19cc329000,0x00007f19cc429000] [id=67] _threads_hazard_ptr=0x00007f193006e830
  0x00007f19c8121b90 WatcherThread [stack: 0x00007f19acf1a000,0x00007f19ad01a000] [id=79]
  0x00007f19c803df30 GCTaskThread "GC Thread#0" [stack: 0x00007f19ccdd3000,0x00007f19cced3000] [id=66]

Threads with active compile tasks:
JVMCI-native CompilerThread0   850467 10215       4       java.security.CodeSource::getCertificates (98 bytes)

VM state: synchronizing (normal execution)

VM Mutex/Monitor currently owned by a thread:  ([mutex/lock_event])
[0x00007f19c8023840] Threads_lock - owner thread: 0x00007f19c80a1c10
[0x00007f19c8023ff0] Heap_lock - owner thread: 0x00007f1944000ff0

OutOfMemory and StackOverflow Exception counts:
OutOfMemoryError java_heap_errors=14
LinkageErrors=59

Heap address: 0x00000000e0000000, size: 512 MB, Compressed Oops mode: 32-bit

CDS archive(s) mapped at: [0x0000000800000000-0x0000000800bc8000-0x0000000800bc8000), size 12353536, SharedBaseAddress: 0x0000000800000000, ArchiveRelocationMode: 0.
Compressed class space mapped at: 0x0000000800c00000-0x0000000840c00000, reserved size: 1073741824
Narrow klass base: 0x0000000800000000, Narrow klass shift: 0, Narrow klass range: 0x100000000

GC Precious Log:
 CPUs: 8 total, 1 available
 Memory: 1024M
 Large Page Support: Disabled
 NUMA Support: Disabled
 Compressed Oops: Enabled (32-bit)
 Alignments: Space 512K, Generation 512K, Heap 2M
 Heap Min Capacity: 100M
 Heap Initial Capacity: 100M
 Heap Max Capacity: 512M
 Pre-touch: Disabled
 Parallel Workers: 1

Heap:
 PSYoungGen      total 81408K, used 53759K [0x00000000f5580000, 0x00000000fc180000, 0x0000000100000000)
  eden space 53760K, 99% used [0x00000000f5580000,0x00000000f89ffff8,0x00000000f8a00000)
  from space 27648K, 0% used [0x00000000f8a00000,0x00000000f8a00000,0x00000000fa500000)
  to   space 23552K, 0% used [0x00000000fa680000,0x00000000fa680000,0x00000000fbd80000)
 ParOldGen       total 349696K, used 349695K [0x00000000e0000000, 0x00000000f5580000, 0x00000000f5580000)
  object space 349696K, 99% used [0x00000000e0000000,0x00000000f557fff8,0x00000000f5580000)
 Metaspace       used 61292K, committed 62208K, reserved 1105920K
  class space    used 5994K, committed 6400K, reserved 1048576K

Card table byte_map: [0x00007f19cced3000,0x00007f19ccfd4000] _byte_map_base: 0x00007f19cc7d3000

Marking Bits: (ParMarkBitMap*) 0x00007f19ce6234c0
 Begin Bits: [0x00007f19ae4b3000, 0x00007f19aecb3000)
 End Bits:   [0x00007f19aecb3000, 0x00007f19af4b3000)

Polling page: 0x00007f19cd1ed000

Metaspace:

Usage:
  Non-class:     54.00 MB used.
      Class:      5.85 MB used.
       Both:     59.86 MB used.

Virtual space:
  Non-class space:       56.00 MB reserved,      54.50 MB ( 97%) committed,  7 nodes.
      Class space:        1.00 GB reserved,       6.25 MB ( <1%) committed,  1 nodes.
             Both:        1.05 GB reserved,      60.75 MB (  6%) committed. 

Chunk freelists:
   Non-Class:  1.48 MB
       Class:  1.79 MB
        Both:  3.27 MB

MaxMetaspaceSize: unlimited
CompressedClassSpaceSize: 1.00 GB
Initial GC threshold: 21.00 MB
Current GC threshold: 101.06 MB
CDS: on
MetaspaceReclaimPolicy: balanced
 - commit_granule_bytes: 65536.
 - commit_granule_words: 8192.
 - virtual_space_node_default_size: 1048576.
 - enlarge_chunks_in_place: 1.
 - new_chunks_are_fully_committed: 0.
 - uncommit_free_chunks: 1.
 - use_allocation_guard: 0.
 - handle_deallocations: 1.


Internal statistics:

num_allocs_failed_limit: 6.
num_arena_births: 404.
num_arena_deaths: 80.
num_vsnodes_births: 8.
num_vsnodes_deaths: 0.
num_space_committed: 971.
num_space_uncommitted: 0.
num_chunks_returned_to_freelist: 104.
num_chunks_taken_from_freelist: 2805.
num_chunk_merges: 36.
num_chunk_splits: 1812.
num_chunks_enlarged: 1146.
num_purges: 14.
num_inconsistent_stats: 0.

CodeHeap 'non-profiled nmethods': size=120036Kb used=2517Kb max_used=2716Kb free=117518Kb
 bounds [0x00007f19b6f7a000, 0x00007f19b722a000, 0x00007f19be4b3000]
CodeHeap 'profiled nmethods': size=120032Kb used=15425Kb max_used=17994Kb free=104606Kb
 bounds [0x00007f19afa42000, 0x00007f19b0be2000, 0x00007f19b6f7a000]
CodeHeap 'non-nmethods': size=5692Kb used=1403Kb max_used=1408Kb free=4288Kb
 bounds [0x00007f19af4b3000, 0x00007f19af723000, 0x00007f19afa42000]
 total_blobs=7606 nmethods=6864 adapters=629
 compilation: enabled
              stopped_count=0, restarted_count=0
 full_count=0

JVMCI Events (20 events):
Event: 687.973 Thread 0x00007f19c80b2210 detached from JVMCI runtime 0
Event: 751.679 Thread 0x00007f19c80b2210 attached to JVMCI runtime 0
Event: 751.681 Thread 0x00007f19c80b2210 created JavaVM[7]@0x00007f197279e340 for JVMCI runtime 0
Event: 751.681 Thread 0x00007f19c80b2210 initializing JVMCI runtime 0
Event: 751.681 Thread 0x00007f19c80b2210 done waiting for JavaVM references initialization in JVMCI runtime 0
Event: 788.155 Thread 0x00007f19c80b2210 initialized JVMCI runtime 0
Event: 820.381 Thread 0x00007f19c80b2210 compacted oop handles in JVMCI runtime 0 from 104 to 101
Event: 820.381 Thread 0x00007f19c80b2210 compacted oop handles in JVMCI runtime 0 from 101 to 64
Event: 820.384 Thread 0x00007f19c80b2210 compacted oop handles in JVMCI runtime 0 from 77 to 75
Event: 823.510 Thread 0x00007f19c80b2210 detaching from JVMCI runtime 0: releasing idle compiler thread (0 other threads still attached)
Event: 823.510 Thread 0x00007f19c80b2210 shutting down HotSpotJVMCIRuntime for JVMCI runtime 0
Event: 823.510 Thread 0x00007f19c80b2210 shut down JVMCI runtime 0
Event: 824.892 Thread 0x00007f19c80b2210 destroyed JavaVM[7]@0x00007f197279e340 for JVMCI runtime 0
Event: 824.892 Thread 0x00007f19c80b2210 compacted oop handles in JVMCI runtime 0 from 75 to 75
Event: 824.892 Thread 0x00007f19c80b2210 releasing handles for JVMCI runtime 0: oop handles=75, metadata handles={total=192, live=170, blocks=46}
Event: 824.892 Thread 0x00007f19c80b2210 detached from JVMCI runtime 0
Event: 830.875 Thread 0x00007f19c80b2210 attached to JVMCI runtime 0
Event: 830.877 Thread 0x00007f19c80b2210 created JavaVM[8]@0x00007f197279e340 for JVMCI runtime 0
Event: 832.414 Thread 0x00007f19c80b2210 initializing JVMCI runtime 0
Event: 832.414 Thread 0x00007f19c80b2210 done waiting for JavaVM references initialization in JVMCI runtime 0

Compilation events (20 events):
Event: 684.862 Thread 0x00007f19c80b2210 nmethod 10204 0x00007f19b7189790 code [0x00007f19b7189a00, 0x00007f19b718a658]
Event: 750.049 Thread 0x00007f19c80b3720 10206       3       java.util.Calendar::<init> (59 bytes)
Event: 750.050 Thread 0x00007f19c80b3720 nmethod 10206 0x00007f19afc00310 code [0x00007f19afc004c0, 0x00007f19afc008c0]
Event: 750.050 Thread 0x00007f19c80b3720 10207       3       java.util.Calendar::setWeekCountData (61 bytes)
Event: 750.050 Thread 0x00007f19c80b3720 nmethod 10207 0x00007f19afc32290 code [0x00007f19afc32480, 0x00007f19afc32a90]
Event: 751.679 Thread 0x00007f19c80b2210 10208       4       java.util.HashMap::put (13 bytes)
Event: 756.286 Thread 0x00007f19c80b3720 10209       3       org.eclipse.jdt.internal.compiler.ast.ASTNode::resolveAnnotations (23 bytes)
Event: 757.771 Thread 0x00007f19c80b3720 nmethod 10209 0x00007f19afb63290 code [0x00007f19afb63460, 0x00007f19afb63c90]
Event: 757.771 Thread 0x00007f19c80b3720 10211       3       java.util.stream.AbstractPipeline::evaluateToArrayNode (78 bytes)
Event: 760.756 Thread 0x00007f19c80b3720 nmethod 10211 0x00007f19afa70e10 code [0x00007f19afa71020, 0x00007f19afa71890]
Event: 763.750 Thread 0x00007f19c80b3720 10214       1       org.eclipse.osgi.internal.framework.EquinoxContainer::getStorage (5 bytes)
Event: 763.751 Thread 0x00007f19c80b3720 nmethod 10214 0x00007f19b7214d90 code [0x00007f19b7214f20, 0x00007f19b7214ff0]
Event: 802.167 Thread 0x00007f19c80b2210 nmethod 10208 0x00007f19b71e8190 code [0x00007f19b71e8400, 0x00007f19b71e91a0]
Event: 802.167 Thread 0x00007f19c80b2210 10213       4       org.eclipse.jdt.internal.compiler.lookup.LookupEnvironment::getCachedType0 (112 bytes)
Event: 820.381 Thread 0x00007f19c80b2210 nmethod 10213 0x00007f19b7145410 code [0x00007f19b7145640, 0x00007f19b7146590]
Event: 820.381 Thread 0x00007f19c80b2210 10212       4       org.eclipse.jdt.internal.compiler.lookup.LookupEnvironment::getTypeFromConstantPoolName (104 bytes)
Event: 820.384 Thread 0x00007f19c80b2210 nmethod 10212 0x00007f19b7189190 code [0x00007f19b7189320, 0x00007f19b7189440]
Event: 830.875 Thread 0x00007f19c80b2210 10215       4       java.security.CodeSource::getCertificates (98 bytes)
Event: 838.298 Thread 0x00007f19c80b3720 10216       3       java.lang.System::lineSeparator (4 bytes)
Event: 839.922 Thread 0x00007f19c80b3720 nmethod 10216 0x00007f19afbc0810 code [0x00007f19afbc09a0, 0x00007f19afbc0a90]

GC Heap History (20 events):
Event: 835.374 GC heap before
{Heap before GC invocations=617 (full 494):
 PSYoungGen      total 81408K, used 53760K [0x00000000f5580000, 0x00000000fc180000, 0x0000000100000000)
  eden space 53760K, 100% used [0x00000000f5580000,0x00000000f8a00000,0x00000000f8a00000)
  from space 27648K, 0% used [0x00000000f8a00000,0x00000000f8a00000,0x00000000fa500000)
  to   space 23552K, 0% used [0x00000000fa680000,0x00000000fa680000,0x00000000fbd80000)
 ParOldGen       total 349696K, used 349693K [0x00000000e0000000, 0x00000000f5580000, 0x00000000f5580000)
  object space 349696K, 99% used [0x00000000e0000000,0x00000000f557f760,0x00000000f5580000)
 Metaspace       used 61291K, committed 62208K, reserved 1105920K
  class space    used 5993K, committed 6400K, reserved 1048576K
}
Event: 836.860 GC heap after
{Heap after GC invocations=617 (full 494):
 PSYoungGen      total 77312K, used 53759K [0x00000000f5580000, 0x00000000fc180000, 0x0000000100000000)
  eden space 53760K, 99% used [0x00000000f5580000,0x00000000f89ffd60,0x00000000f8a00000)
  from space 23552K, 0% used [0x00000000fa680000,0x00000000fa680000,0x00000000fbd80000)
  to   space 27648K, 0% used [0x00000000f8a00000,0x00000000f8a00000,0x00000000fa500000)
 ParOldGen       total 349696K, used 349693K [0x00000000e0000000, 0x00000000f5580000, 0x00000000f5580000)
  object space 349696K, 99% used [0x00000000e0000000,0x00000000f557f760,0x00000000f5580000)
 Metaspace       used 61291K, committed 62208K, reserved 1105920K
  class space    used 5993K, committed 6400K, reserved 1048576K
}
Event: 836.861 GC heap before
{Heap before GC invocations=618 (full 495):
 PSYoungGen      total 77312K, used 53759K [0x00000000f5580000, 0x00000000fc180000, 0x0000000100000000)
  eden space 53760K, 99% used [0x00000000f5580000,0x00000000f89fff68,0x00000000f8a00000)
  from space 23552K, 0% used [0x00000000fa680000,0x00000000fa680000,0x00000000fbd80000)
  to   space 27648K, 0% used [0x00000000f8a00000,0x00000000f8a00000,0x00000000fa500000)
 ParOldGen       total 349696K, used 349693K [0x00000000e0000000, 0x00000000f5580000, 0x00000000f5580000)
  object space 349696K, 99% used [0x00000000e0000000,0x00000000f557f760,0x00000000f5580000)
 Metaspace       used 61291K, committed 62208K, reserved 1105920K
  class space    used 5993K, committed 6400K, reserved 1048576K
}
Event: 838.298 GC heap after
{Heap after GC invocations=618 (full 495):
 PSYoungGen      total 81408K, used 53757K [0x00000000f5580000, 0x00000000fc180000, 0x0000000100000000)
  eden space 53760K, 99% used [0x00000000f5580000,0x00000000f89ff620,0x00000000f8a00000)
  from space 27648K, 0% used [0x00000000f8a00000,0x00000000f8a00000,0x00000000fa500000)
  to   space 23552K, 0% used [0x00000000fa680000,0x00000000fa680000,0x00000000fbd80000)
 ParOldGen       total 349696K, used 349693K [0x00000000e0000000, 0x00000000f5580000, 0x00000000f5580000)
  object space 349696K, 99% used [0x00000000e0000000,0x00000000f557f760,0x00000000f5580000)
 Metaspace       used 61291K, committed 62208K, reserved 1105920K
  class space    used 5993K, committed 6400K, reserved 1048576K
}
Event: 838.299 GC heap before
{Heap before GC invocations=619 (full 496):
 PSYoungGen      total 81408K, used 53760K [0x00000000f5580000, 0x00000000fc180000, 0x0000000100000000)
  eden space 53760K, 100% used [0x00000000f5580000,0x00000000f8a00000,0x00000000f8a00000)
  from space 27648K, 0% used [0x00000000f8a00000,0x00000000f8a00000,0x00000000fa500000)
  to   space 23552K, 0% used [0x00000000fa680000,0x00000000fa680000,0x00000000fbd80000)
 ParOldGen       total 349696K, used 349693K [0x00000000e0000000, 0x00000000f5580000, 0x00000000f5580000)
  object space 349696K, 99% used [0x00000000e0000000,0x00000000f557f760,0x00000000f5580000)
 Metaspace       used 61291K, committed 62208K, reserved 1105920K
  class space    used 5993K, committed 6400K, reserved 1048576K
}
Event: 839.922 GC heap after
{Heap after GC invocations=619 (full 496):
 PSYoungGen      total 77312K, used 53758K [0x00000000f5580000, 0x00000000fc180000, 0x0000000100000000)
  eden space 53760K, 99% used [0x00000000f5580000,0x00000000f89ffa68,0x00000000f8a00000)
  from space 23552K, 0% used [0x00000000fa680000,0x00000000fa680000,0x00000000fbd80000)
  to   space 27648K, 0% used [0x00000000f8a00000,0x00000000f8a00000,0x00000000fa500000)
 ParOldGen       total 349696K, used 349693K [0x00000000e0000000, 0x00000000f5580000, 0x00000000f5580000)
  object space 349696K, 99% used [0x00000000e0000000,0x00000000f557f760,0x00000000f5580000)
 Metaspace       used 61291K, committed 62208K, reserved 1105920K
  class space    used 5993K, committed 6400K, reserved 1048576K
}
Event: 839.923 GC heap before
{Heap before GC invocations=620 (full 497):
 PSYoungGen      total 77312K, used 53759K [0x00000000f5580000, 0x00000000fc180000, 0x0000000100000000)
  eden space 53760K, 99% used [0x00000000f5580000,0x00000000f89ffff8,0x00000000f8a00000)
  from space 23552K, 0% used [0x00000000fa680000,0x00000000fa680000,0x00000000fbd80000)
  to   space 27648K, 0% used [0x00000000f8a00000,0x00000000f8a00000,0x00000000fa500000)
 ParOldGen       total 349696K, used 349693K [0x00000000e0000000, 0x00000000f5580000, 0x00000000f5580000)
  object space 349696K, 99% used [0x00000000e0000000,0x00000000f557f760,0x00000000f5580000)
 Metaspace       used 61291K, committed 62208K, reserved 1105920K
  class space    used 5993K, committed 6400K, reserved 1048576K
}
Event: 841.392 GC heap after
{Heap after GC invocations=620 (full 497):
 PSYoungGen      total 81408K, used 53759K [0x00000000f5580000, 0x00000000fc180000, 0x0000000100000000)
  eden space 53760K, 99% used [0x00000000f5580000,0x00000000f89ffc98,0x00000000f8a00000)
  from space 27648K, 0% used [0x00000000f8a00000,0x00000000f8a00000,0x00000000fa500000)
  to   space 23552K, 0% used [0x00000000fa680000,0x00000000fa680000,0x00000000fbd80000)
 ParOldGen       total 349696K, used 349693K [0x00000000e0000000, 0x00000000f5580000, 0x00000000f5580000)
  object space 349696K, 99% used [0x00000000e0000000,0x00000000f557f708,0x00000000f5580000)
 Metaspace       used 61291K, committed 62208K, reserved 1105920K
  class space    used 5993K, committed 6400K, reserved 1048576K
}
Event: 841.393 GC heap before
{Heap before GC invocations=621 (full 498):
 PSYoungGen      total 81408K, used 53759K [0x00000000f5580000, 0x00000000fc180000, 0x0000000100000000)
  eden space 53760K, 99% used [0x00000000f5580000,0x00000000f89ffec0,0x00000000f8a00000)
  from space 27648K, 0% used [0x00000000f8a00000,0x00000000f8a00000,0x00000000fa500000)
  to   space 23552K, 0% used [0x00000000fa680000,0x00000000fa680000,0x00000000fbd80000)
 ParOldGen       total 349696K, used 349693K [0x00000000e0000000, 0x00000000f5580000, 0x00000000f5580000)
  object space 349696K, 99% used [0x00000000e0000000,0x00000000f557f708,0x00000000f5580000)
 Metaspace       used 61291K, committed 62208K, reserved 1105920K
  class space    used 5993K, committed 6400K, reserved 1048576K
}
Event: 842.884 GC heap after
{Heap after GC invocations=621 (full 498):
 PSYoungGen      total 77312K, used 53759K [0x00000000f5580000, 0x00000000fc180000, 0x0000000100000000)
  eden space 53760K, 99% used [0x00000000f5580000,0x00000000f89ffe40,0x00000000f8a00000)
  from space 23552K, 0% used [0x00000000fa680000,0x00000000fa680000,0x00000000fbd80000)
  to   space 27648K, 0% used [0x00000000f8a00000,0x00000000f8a00000,0x00000000fa500000)
 ParOldGen       total 349696K, used 349693K [0x00000000e0000000, 0x00000000f5580000, 0x00000000f5580000)
  object space 349696K, 99% used [0x00000000e0000000,0x00000000f557f708,0x00000000f5580000)
 Metaspace       used 61291K, committed 62208K, reserved 1105920K
  class space    used 5993K, committed 6400K, reserved 1048576K
}
Event: 842.884 GC heap before
{Heap before GC invocations=622 (full 499):
 PSYoungGen      total 77312K, used 53760K [0x00000000f5580000, 0x00000000fc180000, 0x0000000100000000)
  eden space 53760K, 100% used [0x00000000f5580000,0x00000000f8a00000,0x00000000f8a00000)
  from space 23552K, 0% used [0x00000000fa680000,0x00000000fa680000,0x00000000fbd80000)
  to   space 27648K, 0% used [0x00000000f8a00000,0x00000000f8a00000,0x00000000fa500000)
 ParOldGen       total 349696K, used 349695K [0x00000000e0000000, 0x00000000f5580000, 0x00000000f5580000)
  object space 349696K, 99% used [0x00000000e0000000,0x00000000f557ffd8,0x00000000f5580000)
 Metaspace       used 61291K, committed 62208K, reserved 1105920K
  class space    used 5993K, committed 6400K, reserved 1048576K
}
Event: 844.468 GC heap after
{Heap after GC invocations=622 (full 499):
 PSYoungGen      total 81408K, used 53759K [0x00000000f5580000, 0x00000000fc180000, 0x0000000100000000)
  eden space 53760K, 99% used [0x00000000f5580000,0x00000000f89ffcc8,0x00000000f8a00000)
  from space 27648K, 0% used [0x00000000f8a00000,0x00000000f8a00000,0x00000000fa500000)
  to   space 23552K, 0% used [0x00000000fa680000,0x00000000fa680000,0x00000000fbd80000)
 ParOldGen       total 349696K, used 349694K [0x00000000e0000000, 0x00000000f5580000, 0x00000000f5580000)
  object space 349696K, 99% used [0x00000000e0000000,0x00000000f557fb18,0x00000000f5580000)
 Metaspace       used 61291K, committed 62208K, reserved 1105920K
  class space    used 5993K, committed 6400K, reserved 1048576K
}
Event: 844.468 GC heap before
{Heap before GC invocations=623 (full 500):
 PSYoungGen      total 81408K, used 53759K [0x00000000f5580000, 0x00000000fc180000, 0x0000000100000000)
  eden space 53760K, 99% used [0x00000000f5580000,0x00000000f89ffff8,0x00000000f8a00000)
  from space 27648K, 0% used [0x00000000f8a00000,0x00000000f8a00000,0x00000000fa500000)
  to   space 23552K, 0% used [0x00000000fa680000,0x00000000fa680000,0x00000000fbd80000)
 ParOldGen       total 349696K, used 349694K [0x00000000e0000000, 0x00000000f5580000, 0x00000000f5580000)
  object space 349696K, 99% used [0x00000000e0000000,0x00000000f557fb18,0x00000000f5580000)
 Metaspace       used 61292K, committed 62208K, reserved 1105920K
  class space    used 5994K, committed 6400K, reserved 1048576K
}
Event: 845.982 GC heap after
{Heap after GC invocations=623 (full 500):
 PSYoungGen      total 77312K, used 53759K [0x00000000f5580000, 0x00000000fc180000, 0x0000000100000000)
  eden space 53760K, 99% used [0x00000000f5580000,0x00000000f89ffda0,0x00000000f8a00000)
  from space 23552K, 0% used [0x00000000fa680000,0x00000000fa680000,0x00000000fbd80000)
  to   space 27648K, 0% used [0x00000000f8a00000,0x00000000f8a00000,0x00000000fa500000)
 ParOldGen       total 349696K, used 349694K [0x00000000e0000000, 0x00000000f5580000, 0x00000000f5580000)
  object space 349696K, 99% used [0x00000000e0000000,0x00000000f557fb18,0x00000000f5580000)
 Metaspace       used 61292K, committed 62208K, reserved 1105920K
  class space    used 5994K, committed 6400K, reserved 1048576K
}
Event: 845.982 GC heap before
{Heap before GC invocations=624 (full 501):
 PSYoungGen      total 77312K, used 53760K [0x00000000f5580000, 0x00000000fc180000, 0x0000000100000000)
  eden space 53760K, 100% used [0x00000000f5580000,0x00000000f8a00000,0x00000000f8a00000)
  from space 23552K, 0% used [0x00000000fa680000,0x00000000fa680000,0x00000000fbd80000)
  to   space 27648K, 0% used [0x00000000f8a00000,0x00000000f8a00000,0x00000000fa500000)
 ParOldGen       total 349696K, used 349694K [0x00000000e0000000, 0x00000000f5580000, 0x00000000f5580000)
  object space 349696K, 99% used [0x00000000e0000000,0x00000000f557fb18,0x00000000f5580000)
 Metaspace       used 61292K, committed 62208K, reserved 1105920K
  class space    used 5994K, committed 6400K, reserved 1048576K
}
Event: 847.392 GC heap after
{Heap after GC invocations=624 (full 501):
 PSYoungGen      total 81408K, used 53759K [0x00000000f5580000, 0x00000000fc180000, 0x0000000100000000)
  eden space 53760K, 99% used [0x00000000f5580000,0x00000000f89ffdc0,0x00000000f8a00000)
  from space 27648K, 0% used [0x00000000f8a00000,0x00000000f8a00000,0x00000000fa500000)
  to   space 23552K, 0% used [0x00000000fa680000,0x00000000fa680000,0x00000000fbd80000)
 ParOldGen       total 349696K, used 349694K [0x00000000e0000000, 0x00000000f5580000, 0x00000000f5580000)
  object space 349696K, 99% used [0x00000000e0000000,0x00000000f557fb18,0x00000000f5580000)
 Metaspace       used 61292K, committed 62208K, reserved 1105920K
  class space    used 5994K, committed 6400K, reserved 1048576K
}
Event: 847.393 GC heap before
{Heap before GC invocations=625 (full 502):
 PSYoungGen      total 81408K, used 53759K [0x00000000f5580000, 0x00000000fc180000, 0x0000000100000000)
  eden space 53760K, 99% used [0x00000000f5580000,0x00000000f89ffe08,0x00000000f8a00000)
  from space 27648K, 0% used [0x00000000f8a00000,0x00000000f8a00000,0x00000000fa500000)
  to   space 23552K, 0% used [0x00000000fa680000,0x00000000fa680000,0x00000000fbd80000)
 ParOldGen       total 349696K, used 349694K [0x00000000e0000000, 0x00000000f5580000, 0x00000000f5580000)
  object space 349696K, 99% used [0x00000000e0000000,0x00000000f557fb18,0x00000000f5580000)
 Metaspace       used 61292K, committed 62208K, reserved 1105920K
  class space    used 5994K, committed 6400K, reserved 1048576K
}
Event: 848.952 GC heap after
{Heap after GC invocations=625 (full 502):
 PSYoungGen      total 77312K, used 53759K [0x00000000f5580000, 0x00000000fc180000, 0x0000000100000000)
  eden space 53760K, 99% used [0x00000000f5580000,0x00000000f89ffdd8,0x00000000f8a00000)
  from space 23552K, 0% used [0x00000000fa680000,0x00000000fa680000,0x00000000fbd80000)
  to   space 27648K, 0% used [0x00000000f8a00000,0x00000000f8a00000,0x00000000fa500000)
 ParOldGen       total 349696K, used 349694K [0x00000000e0000000, 0x00000000f5580000, 0x00000000f5580000)
  object space 349696K, 99% used [0x00000000e0000000,0x00000000f557fb18,0x00000000f5580000)
 Metaspace       used 61292K, committed 62208K, reserved 1105920K
  class space    used 5994K, committed 6400K, reserved 1048576K
}
Event: 848.952 GC heap before
{Heap before GC invocations=626 (full 503):
 PSYoungGen      total 77312K, used 53759K [0x00000000f5580000, 0x00000000fc180000, 0x0000000100000000)
  eden space 53760K, 99% used [0x00000000f5580000,0x00000000f89ffdd8,0x00000000f8a00000)
  from space 23552K, 0% used [0x00000000fa680000,0x00000000fa680000,0x00000000fbd80000)
  to   space 27648K, 0% used [0x00000000f8a00000,0x00000000f8a00000,0x00000000fa500000)
 ParOldGen       total 349696K, used 349694K [0x00000000e0000000, 0x00000000f5580000, 0x00000000f5580000)
  object space 349696K, 99% used [0x00000000e0000000,0x00000000f557fb18,0x00000000f5580000)
 Metaspace       used 61292K, committed 62208K, reserved 1105920K
  class space    used 5994K, committed 6400K, reserved 1048576K
}
Event: 850.374 GC heap after
{Heap after GC invocations=626 (full 503):
 PSYoungGen      total 81408K, used 53759K [0x00000000f5580000, 0x00000000fc180000, 0x0000000100000000)
  eden space 53760K, 99% used [0x00000000f5580000,0x00000000f89ffdd8,0x00000000f8a00000)
  from space 27648K, 0% used [0x00000000f8a00000,0x00000000f8a00000,0x00000000fa500000)
  to   space 23552K, 0% used [0x00000000fa680000,0x00000000fa680000,0x00000000fbd80000)
 ParOldGen       total 349696K, used 349694K [0x00000000e0000000, 0x00000000f5580000, 0x00000000f5580000)
  object space 349696K, 99% used [0x00000000e0000000,0x00000000f557fb18,0x00000000f5580000)
 Metaspace       used 61292K, committed 62208K, reserved 1105920K
  class space    used 5994K, committed 6400K, reserved 1048576K
}

Dll operation events (9 events):
Event: 0.002 Loaded shared library /nix/store/gpxl5qgg8kicmcvivwmybwjlpf7wh20l-graalvm17-ce-22.3.0/lib/libjava.so
Event: 0.061 Loaded shared library /nix/store/gpxl5qgg8kicmcvivwmybwjlpf7wh20l-graalvm17-ce-22.3.0/lib/libjsvml.so
Event: 0.299 Loaded shared library /nix/store/gpxl5qgg8kicmcvivwmybwjlpf7wh20l-graalvm17-ce-22.3.0/lib/libnio.so
Event: 0.303 Loaded shared library /nix/store/gpxl5qgg8kicmcvivwmybwjlpf7wh20l-graalvm17-ce-22.3.0/lib/libjvmcicompiler.so
Event: 0.308 Loaded shared library /nix/store/gpxl5qgg8kicmcvivwmybwjlpf7wh20l-graalvm17-ce-22.3.0/lib/libzip.so
Event: 0.700 Loaded shared library /nix/store/gpxl5qgg8kicmcvivwmybwjlpf7wh20l-graalvm17-ce-22.3.0/lib/libjimage.so
Event: 1.258 Loaded shared library /nix/store/gpxl5qgg8kicmcvivwmybwjlpf7wh20l-graalvm17-ce-22.3.0/lib/libnet.so
Event: 4.651 Loaded shared library /home/runner/.cache/jdt-language-server/config/org.eclipse.equinox.launcher/org.eclipse.equinox.launcher.gtk.linux.x86_64_1.2.400.v20211117-0650/eclipse_11600.so
Event: 13.952 Loaded shared library /nix/store/gpxl5qgg8kicmcvivwmybwjlpf7wh20l-graalvm17-ce-22.3.0/lib/libextnet.so

Deoptimization events (20 events):
Event: 715.020 Thread 0x00007f1944000ff0 Uncommon trap: trap_request=0xffffff8f fr.pc=0x00007f19b6f914ee relative=0x00000000000000ce
Event: 715.020 Thread 0x00007f1944000ff0 Uncommon trap: reason=constraint action=none pc=0x00007f19b6f914ee method=java.util.HashMap.newNode(ILjava/lang/Object;Ljava/lang/Object;Ljava/util/HashMap$Node;)Ljava/util/HashMap$Node; @ 0 jvmci
Event: 715.020 Thread 0x00007f1944000ff0 DEOPT PACKING pc=0x00007f19b6f914ee sp=0x00007f1973ffdfa0
Event: 715.020 Thread 0x00007f1944000ff0 DEOPT UNPACKING pc=0x00007f19af505325 sp=0x00007f1973ffd420 mode 3
Event: 718.179 Thread 0x00007f1944000ff0 DEOPT PACKING pc=0x00007f19b71f9344 sp=0x00007f1973ffe070
Event: 718.179 Thread 0x00007f1944000ff0 DEOPT UNPACKING pc=0x00007f19af505325 sp=0x00007f1973ffd558 mode 1
Event: 725.988 Thread 0x00007f195c47ead0 Uncommon trap: trap_request=0xffffff8f fr.pc=0x00007f19b71da31b relative=0x000000000000105b
Event: 725.988 Thread 0x00007f195c47ead0 Uncommon trap: reason=constraint action=none pc=0x00007f19b71da31b method=org.eclipse.jdt.internal.core.index.DiskIndex.copyQueryResults(Lorg/eclipse/jdt/internal/compiler/util/HashtableOfObject;I)V @ 123 jvmci
Event: 725.988 Thread 0x00007f195c47ead0 DEOPT PACKING pc=0x00007f19b71da31b sp=0x00007f19745fe550
Event: 725.988 Thread 0x00007f195c47ead0 DEOPT UNPACKING pc=0x00007f19af505325 sp=0x00007f19745fda28 mode 3
Event: 729.206 Thread 0x00007f195c47ead0 Uncommon trap: trap_request=0xffffff8f fr.pc=0x00007f19b71d8f14 relative=0x0000000000000274
Event: 729.206 Thread 0x00007f195c47ead0 Uncommon trap: reason=constraint action=none pc=0x00007f19b71d8f14 method=org.eclipse.jdt.internal.core.index.DiskIndex$IntList.add(I)V @ 0 jvmci
Event: 729.206 Thread 0x00007f195c47ead0 DEOPT PACKING pc=0x00007f19b71d8f14 sp=0x00007f19745fe500
Event: 729.206 Thread 0x00007f195c47ead0 DEOPT UNPACKING pc=0x00007f19af505325 sp=0x00007f19745fd9b0 mode 3
Event: 732.085 Thread 0x00007f193812f2e0 Uncommon trap: trap_request=0xffffff8f fr.pc=0x00007f19b702ff94 relative=0x00000000000001f4
Event: 732.085 Thread 0x00007f193812f2e0 Uncommon trap: reason=constraint action=none pc=0x00007f19b702ff94 method=java.lang.StringLatin1.toChars([B)[C @ 0 jvmci
Event: 732.085 Thread 0x00007f193812f2e0 DEOPT PACKING pc=0x00007f19b702ff94 sp=0x00007f19acf15230
Event: 732.085 Thread 0x00007f193812f2e0 DEOPT UNPACKING pc=0x00007f19af505325 sp=0x00007f19acf146c8 mode 3
Event: 823.510 Thread 0x00007f19381b6310 DEOPT PACKING pc=0x00007f19b71a9288 sp=0x00007f19749fce70
Event: 823.510 Thread 0x00007f19381b6310 DEOPT UNPACKING pc=0x00007f19af505325 sp=0x00007f19749fc378 mode 1

Classes unloaded (20 events):
Event: 134.578 Thread 0x00007f19c80a1c10 Unloading class 0x0000000800eec000 'jdk/internal/reflect/GeneratedConstructorAccessor8'
Event: 136.450 Thread 0x00007f19c80a1c10 Unloading class 0x0000000801065400 'java/lang/invoke/LambdaForm$MH+0x0000000801065400'
Event: 136.450 Thread 0x00007f19c80a1c10 Unloading class 0x0000000801065000 'java/lang/invoke/LambdaForm$MH+0x0000000801065000'
Event: 136.450 Thread 0x00007f19c80a1c10 Unloading class 0x0000000801064c00 'java/lang/invoke/LambdaForm$MH+0x0000000801064c00'
Event: 136.450 Thread 0x00007f19c80a1c10 Unloading class 0x0000000801064800 'java/lang/invoke/LambdaForm$MH+0x0000000801064800'
Event: 136.450 Thread 0x00007f19c80a1c10 Unloading class 0x0000000801064400 'java/lang/invoke/LambdaForm$MH+0x0000000801064400'
Event: 136.450 Thread 0x00007f19c80a1c10 Unloading class 0x0000000801064000 'java/lang/invoke/LambdaForm$MH+0x0000000801064000'
Event: 136.450 Thread 0x00007f19c80a1c10 Unloading class 0x0000000800d98400 'java/lang/invoke/LambdaForm$MH+0x0000000800d98400'
Event: 136.450 Thread 0x00007f19c80a1c10 Unloading class 0x0000000800d04000 'java/lang/invoke/LambdaForm$MH+0x0000000800d04000'
Event: 145.382 Thread 0x00007f19c80a1c10 Unloading class 0x0000000801099400 'jdk/internal/reflect/GeneratedSerializationConstructorAccessor4'
Event: 145.382 Thread 0x00007f19c80a1c10 Unloading class 0x0000000801099000 'jdk/internal/reflect/GeneratedSerializationConstructorAccessor3'
Event: 145.382 Thread 0x00007f19c80a1c10 Unloading class 0x0000000801098c00 'jdk/internal/reflect/GeneratedSerializationConstructorAccessor2'
Event: 145.382 Thread 0x00007f19c80a1c10 Unloading class 0x0000000801098800 'jdk/internal/reflect/GeneratedSerializationConstructorAccessor1'
Event: 183.972 Thread 0x00007f19c80a1c10 Unloading class 0x0000000801224000 'jdk/internal/reflect/GeneratedConstructorAccessor34'
Event: 333.755 Thread 0x00007f19c80a1c10 Unloading class 0x0000000800d06800 'java/lang/invoke/LambdaForm$MH+0x0000000800d06800'
Event: 333.756 Thread 0x00007f19c80a1c10 Unloading class 0x0000000800d99000 'java/lang/invoke/LambdaForm$MH+0x0000000800d99000'
Event: 333.756 Thread 0x00007f19c80a1c10 Unloading class 0x0000000800eec800 'java/lang/invoke/LambdaForm$MH+0x0000000800eec800'
Event: 333.756 Thread 0x00007f19c80a1c10 Unloading class 0x0000000800eed000 'java/lang/invoke/LambdaForm$MH+0x0000000800eed000'
Event: 333.756 Thread 0x00007f19c80a1c10 Unloading class 0x0000000800d04000 'java/lang/invoke/LambdaForm$MH+0x0000000800d04000'
Event: 333.756 Thread 0x00007f19c80a1c10 Unloading class 0x0000000801224000 'java/lang/invoke/LambdaForm$MH+0x0000000801224000'

Classes redefined (0 events):
No events

Internal exceptions (20 events):
Event: 247.453 Thread 0x00007f19381b6310 Exception <a 'java/lang/ArrayIndexOutOfBoundsException'{0x00000000f89f8088}: Index 4658 out of bounds for length 4658> (0x00000000f89f8088) 
thrown [src/hotspot/share/interpreter/interpreterRuntime.cpp, line 428]
Event: 509.062 Thread 0x00007f19500010d0 Exception <a 'java/lang/OutOfMemoryError'{0x00000000e000fa50}> (0x00000000e000fa50) 
thrown [src/hotspot/share/gc/shared/memAllocator.cpp, line 136]
Event: 559.557 Thread 0x00007f193812fe40 Exception <a 'java/lang/OutOfMemoryError'{0x00000000e000fd20}> (0x00000000e000fd20) 
thrown [src/hotspot/share/gc/shared/memAllocator.cpp, line 138]
Event: 559.557 Thread 0x00007f193812fe40 Implicit null exception at 0x00007f19b702ff44 to 0x00007f19b702ff79
Event: 562.657 Thread 0x00007f19500010d0 Exception <a 'java/lang/OutOfMemoryError'{0x00000000e000fd20}> (0x00000000e000fd20) 
thrown [src/hotspot/share/gc/shared/memAllocator.cpp, line 138]
Event: 562.657 Thread 0x00007f19500010d0 Implicit null exception at 0x00007f19b71dc48c to 0x00007f19b71dc908
Event: 565.758 Thread 0x00007f19500010d0 Exception <a 'java/lang/OutOfMemoryError'{0x00000000e0010040}> (0x00000000e0010040) 
thrown [src/hotspot/share/gc/shared/memAllocator.cpp, line 136]
Event: 693.005 Thread 0x00007f19500010d0 Exception <a 'java/lang/OutOfMemoryError'{0x00000000e000fd70}> (0x00000000e000fd70) 
thrown [src/hotspot/share/gc/shared/memAllocator.cpp, line 136]
Event: 715.020 Thread 0x00007f1944000ff0 Exception <a 'java/lang/OutOfMemoryError'{0x00000000e000fa50}> (0x00000000e000fa50) 
thrown [src/hotspot/share/gc/shared/memAllocator.cpp, line 138]
Event: 715.020 Thread 0x00007f1944000ff0 Implicit null exception at 0x00007f19b6f914cf to 0x00007f19b6f914d3
Event: 718.179 Thread 0x00007f1944000ff0 Exception <a 'java/lang/OutOfMemoryError'{0x00000000e000fd70}> (0x00000000e000fd70) 
thrown [src/hotspot/share/gc/shared/memAllocator.cpp, line 136]
Event: 725.988 Thread 0x00007f195c47ead0 Exception <a 'java/lang/OutOfMemoryError'{0x00000000e000fa50}> (0x00000000e000fa50) 
thrown [src/hotspot/share/gc/shared/memAllocator.cpp, line 138]
Event: 725.988 Thread 0x00007f195c47ead0 Implicit null exception at 0x00007f19b71d9d8e to 0x00007f19b71da300
Event: 729.206 Thread 0x00007f195c47ead0 Exception <a 'java/lang/OutOfMemoryError'{0x00000000e000fa50}> (0x00000000e000fa50) 
thrown [src/hotspot/share/gc/shared/memAllocator.cpp, line 138]
Event: 729.206 Thread 0x00007f195c47ead0 Implicit null exception at 0x00007f19b71d8e6d to 0x00007f19b71d8ef9
Event: 732.085 Thread 0x00007f193812f2e0 Exception <a 'java/lang/OutOfMemoryError'{0x00000000e000fa50}> (0x00000000e000fa50) 
thrown [src/hotspot/share/gc/shared/memAllocator.cpp, line 138]
Event: 732.085 Thread 0x00007f193812f2e0 Implicit null exception at 0x00007f19b702ff44 to 0x00007f19b702ff79
Event: 735.064 Thread 0x00007f193812f2e0 Exception <a 'java/lang/OutOfMemoryError'{0x00000000e000fd70}> (0x00000000e000fd70) 
thrown [src/hotspot/share/gc/shared/memAllocator.cpp, line 136]
Event: 823.510 Thread 0x00007f19381b6310 Exception <a 'java/lang/OutOfMemoryError'{0x00000000e000fd70}> (0x00000000e000fd70) 
thrown [src/hotspot/share/gc/shared/memAllocator.cpp, line 136]
Event: 850.375 Thread 0x00007f19c80b2210 Exception <a 'java/lang/OutOfMemoryError'{0x00000000e000fd70}> (0x00000000e000fd70) 
thrown [src/hotspot/share/gc/shared/memAllocator.cpp, line 136]

VM Operations (20 events):
Event: 833.951 Executing VM operation: ParallelGCFailedAllocation
Event: 835.374 Executing VM operation: ParallelGCFailedAllocation done
Event: 835.374 Executing VM operation: ParallelGCFailedAllocation
Event: 836.860 Executing VM operation: ParallelGCFailedAllocation done
Event: 836.861 Executing VM operation: ParallelGCFailedAllocation
Event: 838.298 Executing VM operation: ParallelGCFailedAllocation done
Event: 838.299 Executing VM operation: ParallelGCFailedAllocation
Event: 839.922 Executing VM operation: ParallelGCFailedAllocation done
Event: 839.922 Executing VM operation: ParallelGCFailedAllocation
Event: 841.392 Executing VM operation: ParallelGCFailedAllocation done
Event: 841.392 Executing VM operation: ParallelGCFailedAllocation
Event: 842.884 Executing VM operation: ParallelGCFailedAllocation done
Event: 842.884 Executing VM operation: ParallelGCFailedAllocation
Event: 844.468 Executing VM operation: ParallelGCFailedAllocation done
Event: 844.468 Executing VM operation: ParallelGCFailedAllocation
Event: 845.982 Executing VM operation: ParallelGCFailedAllocation done
Event: 845.982 Executing VM operation: ParallelGCFailedAllocation
Event: 847.392 Executing VM operation: ParallelGCFailedAllocation done
Event: 847.392 Executing VM operation: ParallelGCFailedAllocation
Event: 850.375 Executing VM operation: ParallelGCFailedAllocation done

Events (20 events):
Event: 258.270 Thread 0x00007f19c80b4b70 flushing nmethod 0x00007f19b08eb090
Event: 258.270 Thread 0x00007f19c80b4b70 flushing nmethod 0x00007f19b097b590
Event: 258.271 Thread 0x00007f19c80b4b70 flushing nmethod 0x00007f19b0a26190
Event: 258.271 Thread 0x00007f19c80b4b70 flushing nmethod 0x00007f19b0a32990
Event: 258.271 Thread 0x00007f19c80b4b70 flushing nmethod 0x00007f19b0a55d90
Event: 258.271 Thread 0x00007f19c80b4b70 flushing nmethod 0x00007f19b0a9f310
Event: 258.271 Thread 0x00007f19c80b4b70 flushing nmethod 0x00007f19b0aacc10
Event: 258.272 Thread 0x00007f19c80b4b70 flushing nmethod 0x00007f19b0b27610
Event: 258.272 Thread 0x00007f19c80b4b70 flushing nmethod 0x00007f19b0b3d590
Event: 258.272 Thread 0x00007f19c80b4b70 flushing nmethod 0x00007f19b0b5f610
Event: 258.272 Thread 0x00007f19c80b4b70 flushing nmethod 0x00007f19b0b93990
Event: 258.272 Thread 0x00007f19c80b4b70 flushing nmethod 0x00007f19b0b95890
Event: 258.272 Thread 0x00007f19c80b4b70 flushing nmethod 0x00007f19b0b95f90
Event: 258.272 Thread 0x00007f19c80b4b70 flushing nmethod 0x00007f19b0ba3810
Event: 258.272 Thread 0x00007f19c80b4b70 flushing nmethod 0x00007f19b0bc2910
Event: 258.272 Thread 0x00007f19c80b4b70 flushing nmethod 0x00007f19b0bc4c90
Event: 324.789 Thread 0x00007f1930037dc0 Thread added: 0x00007f1930037dc0
Event: 324.789 Protecting memory [0x00007f1973700000,0x00007f1973704000] with protection modes 0
Event: 573.678 loading class java/lang/AssertionError
Event: 573.679 loading class java/lang/AssertionError done


Dynamic libraries:
e0000000-f5580000 rw-p 00000000 00:00 0 
f5580000-fc180000 rw-p 00000000 00:00 0 
fc180000-100000000 ---p 00000000 00:00 0 
800000000-800449000 rw-p 00001000 00:144d 4611686019135357769            /nix/store/gpxl5qgg8kicmcvivwmybwjlpf7wh20l-graalvm17-ce-22.3.0/lib/server/classes.jsa
800449000-800bc8000 r--p 0044a000 00:144d 4611686019135357769            /nix/store/gpxl5qgg8kicmcvivwmybwjlpf7wh20l-graalvm17-ce-22.3.0/lib/server/classes.jsa
800bc8000-800c00000 ---p 00000000 00:00 0 
800c00000-800c20000 rw-p 00000000 00:00 0 
800c20000-800c40000 rw-p 00000000 00:00 0 
800c40000-800cc0000 rw-p 00000000 00:00 0 
800cc0000-800d00000 rw-p 00000000 00:00 0 
800d00000-800dc0000 rw-p 00000000 00:00 0 
800dc0000-800e00000 rw-p 00000000 00:00 0 
800e00000-800f40000 rw-p 00000000 00:00 0 
800f40000-800fc0000 rw-p 00000000 00:00 0 
800fc0000-801240000 rw-p 00000000 00:00 0 
801240000-840c00000 ---p 00000000 00:00 0 
563376a8d000-563376a8e000 r-xp 00000000 00:144d 4611686019099417844      /nix/store/gpxl5qgg8kicmcvivwmybwjlpf7wh20l-graalvm17-ce-22.3.0/bin/.java-wrapped
563376a8f000-563376a90000 r--p 00001000 00:144d 4611686019099417844      /nix/store/gpxl5qgg8kicmcvivwmybwjlpf7wh20l-graalvm17-ce-22.3.0/bin/.java-wrapped
563376a90000-563376a91000 rw-p 00002000 00:144d 4611686019099417844      /nix/store/gpxl5qgg8kicmcvivwmybwjlpf7wh20l-graalvm17-ce-22.3.0/bin/.java-wrapped
563376a91000-563376a92000 rw-p 00004000 00:144d 4611686019099417844      /nix/store/gpxl5qgg8kicmcvivwmybwjlpf7wh20l-graalvm17-ce-22.3.0/bin/.java-wrapped
563376a92000-563376a93000 rw-p 00005000 00:144d 4611686019099417844      /nix/store/gpxl5qgg8kicmcvivwmybwjlpf7wh20l-graalvm17-ce-22.3.0/bin/.java-wrapped
563378397000-5633783df000 rw-p 00000000 00:00 0                          [heap]
7f18f0000000-7f18f0025000 rw-p 00000000 00:00 0 
7f18f0025000-7f18f4000000 ---p 00000000 00:00 0 
7f18f4000000-7f18f4048000 rw-p 00000000 00:00 0 
7f18f4048000-7f18f8000000 ---p 00000000 00:00 0 
7f18fb800000-7f18fbe90000 rw-p 00000000 00:00 0 
7f18fbe90000-7f18fc000000 ---p 00000000 00:00 0 
7f18fc000000-7f18fc087000 rw-p 00000000 00:00 0 
7f18fc087000-7f1900000000 ---p 00000000 00:00 0 
7f1900000000-7f190008d000 rw-p 00000000 00:00 0 
7f190008d000-7f1904000000 ---p 00000000 00:00 0 
7f1904000000-7f1904070000 rw-p 00000000 00:00 0 
7f1904070000-7f1908000000 ---p 00000000 00:00 0 
7f1908000000-7f1908039000 rw-p 00000000 00:00 0 
7f1908039000-7f190c000000 ---p 00000000 00:00 0 
7f190c000000-7f190c02e000 rw-p 00000000 00:00 0 
7f190c02e000-7f1910000000 ---p 00000000 00:00 0 
7f1910000000-7f191010e000 rw-p 00000000 00:00 0 
7f191010e000-7f1914000000 ---p 00000000 00:00 0 
7f1914000000-7f1914089000 rw-p 00000000 00:00 0 
7f1914089000-7f1918000000 ---p 00000000 00:00 0 
7f1918000000-7f191807f000 rw-p 00000000 00:00 0 
7f191807f000-7f191c000000 ---p 00000000 00:00 0 
7f191c000000-7f191c048000 rw-p 00000000 00:00 0 
7f191c048000-7f1920000000 ---p 00000000 00:00 0 
7f1920c00000-7f1921400000 rw-p 00000000 00:00 0 
7f19214b3000-7f192b000000 r--s 00000000 00:144d 4611686019135192581      /nix/store/gpxl5qgg8kicmcvivwmybwjlpf7wh20l-graalvm17-ce-22.3.0/lib/modules
7f192b000000-7f192b180000 rw-p 00000000 00:00 0 
7f192b180000-7f192b200000 rw-p 00000000 00:00 0 
7f192b200000-7f192b500000 rw-p 00000000 00:00 0 
7f192b500000-7f192b5f0000 rw-p 00000000 00:00 0 
7f192b5f0000-7f192b600000 ---p 00000000 00:00 0 
7f192b600000-7f192b800000 rw-p 00000000 00:00 0 
7f192b800000-7f192b880000 rw-p 00000000 00:00 0 
7f192b880000-7f192b900000 rw-p 00000000 00:00 0 
7f192b900000-7f192bae0000 rw-p 00000000 00:00 0 
7f192bae0000-7f192bb00000 rw-p 00000000 00:00 0 
7f192bb00000-7f192bd00000 rw-p 00000000 00:00 0 
7f192bd00000-7f192be00000 rw-p 00000000 00:00 0 
7f192be00000-7f192c000000 rw-p 00000000 00:00 0 
7f192c000000-7f192c021000 rw-p 00000000 00:00 0 
7f192c021000-7f1930000000 ---p 00000000 00:00 0 
7f1930000000-7f19300f6000 rw-p 00000000 00:00 0 
7f19300f6000-7f1934000000 ---p 00000000 00:00 0 
7f1934000000-7f1934128000 rw-p 00000000 00:00 0 
7f1934128000-7f1938000000 ---p 00000000 00:00 0 
7f1938000000-7f19381ca000 rw-p 00000000 00:00 0 
7f19381ca000-7f193c000000 ---p 00000000 00:00 0 
7f193c000000-7f193c021000 rw-p 00000000 00:00 0 
7f193c021000-7f1940000000 ---p 00000000 00:00 0 
7f1940000000-7f1940021000 rw-p 00000000 00:00 0 
7f1940021000-7f1944000000 ---p 00000000 00:00 0 
7f1944000000-7f1944078000 rw-p 00000000 00:00 0 
7f1944078000-7f1948000000 ---p 00000000 00:00 0 
7f1948000000-7f194805a000 rw-p 00000000 00:00 0 
7f194805a000-7f194c000000 ---p 00000000 00:00 0 
7f194c000000-7f194c021000 rw-p 00000000 00:00 0 
7f194c021000-7f1950000000 ---p 00000000 00:00 0 
7f1950000000-7f195034d000 rw-p 00000000 00:00 0 
7f195034d000-7f1954000000 ---p 00000000 00:00 0 
7f1954000000-7f1954021000 rw-p 00000000 00:00 0 
7f1954021000-7f1958000000 ---p 00000000 00:00 0 
7f1958000000-7f1958023000 rw-p 00000000 00:00 0 
7f1958023000-7f195c000000 ---p 00000000 00:00 0 
7f195c000000-7f195c8db000 rw-p 00000000 00:00 0 
7f195c8db000-7f1960000000 ---p 00000000 00:00 0 
7f1960000000-7f1960025000 rw-p 00000000 00:00 0 
7f1960025000-7f1964000000 ---p 00000000 00:00 0 
7f1964000000-7f1964021000 rw-p 00000000 00:00 0 
7f1964021000-7f1968000000 ---p 00000000 00:00 0 
7f1968000000-7f1968021000 rw-p 00000000 00:00 0 
7f1968021000-7f196c000000 ---p 00000000 00:00 0 
7f196c000000-7f196c021000 rw-p 00000000 00:00 0 
7f196c021000-7f1970000000 ---p 00000000 00:00 0 
7f1970000000-7f1970100000 rw-p 00000000 00:00 0 
7f1970100000-7f1970200000 rw-p 00000000 00:00 0 
7f1970200000-7f1970780000 rw-p 00000000 00:00 0 
7f1970780000-7f1970800000 rw-p 00000000 00:00 0 
7f1970800000-7f1970900000 rw-p 00000000 00:00 0 
7f1970900000-7f1970a00000 rw-p 00000000 00:00 0 
7f1970a00000-7f1970d00000 rw-p 00000000 00:00 0 
7f1970d00000-7f1970e00000 rw-p 00000000 00:00 0 
7f1970e00000-7f1971000000 rw-p 00000000 00:00 0 
7f1971200000-7f1971210000 r-xp 00000000 00:1449 375                      /home/runner/.cache/jdt-language-server/config/org.eclipse.equinox.launcher/org.eclipse.equinox.launcher.gtk.linux.x86_64_1.2.400.v20211117-0650/eclipse_11600.so
7f1971210000-7f197140f000 ---p 00010000 00:1449 375                      /home/runner/.cache/jdt-language-server/config/org.eclipse.equinox.launcher/org.eclipse.equinox.launcher.gtk.linux.x86_64_1.2.400.v20211117-0650/eclipse_11600.so
7f197140f000-7f1971410000 r--p 0000f000 00:1449 375                      /home/runner/.cache/jdt-language-server/config/org.eclipse.equinox.launcher/org.eclipse.equinox.launcher.gtk.linux.x86_64_1.2.400.v20211117-0650/eclipse_11600.so
7f1971410000-7f1971411000 rw-p 00010000 00:1449 375                      /home/runner/.cache/jdt-language-server/config/org.eclipse.equinox.launcher/org.eclipse.equinox.launcher.gtk.linux.x86_64_1.2.400.v20211117-0650/eclipse_11600.so
7f1971b00000-7f1971c00000 ---p 00000000 00:00 0 
7f1971c00000-7f19721af000 r--p 01122000 00:144d 4611686019135190040      /nix/store/gpxl5qgg8kicmcvivwmybwjlpf7wh20l-graalvm17-ce-22.3.0/lib/libjvmcicompiler.so
7f19721af000-7f1972300000 r--p 00000000 00:00 0 
7f1972300000-7f197233d000 rw-p 00000000 00:00 0 
7f197233d000-7f197285d000 rw-p 0185f000 00:144d 4611686019135190040      /nix/store/gpxl5qgg8kicmcvivwmybwjlpf7wh20l-graalvm17-ce-22.3.0/lib/libjvmcicompiler.so
7f197285d000-7f1972c44000 r--p 01d7f000 00:144d 4611686019135190040      /nix/store/gpxl5qgg8kicmcvivwmybwjlpf7wh20l-graalvm17-ce-22.3.0/lib/libjvmcicompiler.so
7f1972d00000-7f1972d04000 ---p 00000000 00:00 0 
7f1972d04000-7f1972e00000 rw-p 00000000 00:00 0 
7f1972f00000-7f1972f04000 ---p 00000000 00:00 0 
7f1972f04000-7f1973000000 rw-p 00000000 00:00 0 
7f1973100000-7f1973104000 ---p 00000000 00:00 0 
7f1973104000-7f1973200000 rw-p 00000000 00:00 0 
7f1973300000-7f1973304000 ---p 00000000 00:00 0 
7f1973304000-7f1973400000 rw-p 00000000 00:00 0 
7f1973500000-7f1973504000 ---p 00000000 00:00 0 
7f1973504000-7f1973600000 rw-p 00000000 00:00 0 
7f1973600000-7f1973604000 ---p 00000000 00:00 0 
7f1973604000-7f1973700000 rw-p 00000000 00:00 0 
7f1973700000-7f1973704000 ---p 00000000 00:00 0 
7f1973704000-7f1973800000 rw-p 00000000 00:00 0 
7f1973900000-7f1973904000 ---p 00000000 00:00 0 
7f1973904000-7f1973a00000 rw-p 00000000 00:00 0 
7f1973b00000-7f1973b04000 ---p 00000000 00:00 0 
7f1973b04000-7f1973c00000 rw-p 00000000 00:00 0 
7f1973d00000-7f1973d04000 ---p 00000000 00:00 0 
7f1973d04000-7f1973e00000 rw-p 00000000 00:00 0 
7f1973e00000-7f1973e04000 ---p 00000000 00:00 0 
7f1973e04000-7f1973f00000 rw-p 00000000 00:00 0 
7f1973f00000-7f1973f04000 ---p 00000000 00:00 0 
7f1973f04000-7f1974000000 rw-p 00000000 00:00 0 
7f1974000000-7f1974004000 ---p 00000000 00:00 0 
7f1974004000-7f1974100000 rw-p 00000000 00:00 0 
7f1974100000-7f1974104000 ---p 00000000 00:00 0 
7f1974104000-7f1974200000 rw-p 00000000 00:00 0 
7f1974300000-7f1974304000 ---p 00000000 00:00 0 
7f1974304000-7f1974400000 rw-p 00000000 00:00 0 
7f1974500000-7f1974504000 ---p 00000000 00:00 0 
7f1974504000-7f1974600000 rw-p 00000000 00:00 0 
7f1974600000-7f1974604000 ---p 00000000 00:00 0 
7f1974604000-7f1974700000 rw-p 00000000 00:00 0 
7f1974700000-7f1974704000 ---p 00000000 00:00 0 
7f1974704000-7f1974800000 rw-p 00000000 00:00 0 
7f1974900000-7f1974904000 ---p 00000000 00:00 0 
7f1974904000-7f1974a00000 rw-p 00000000 00:00 0 
7f1975668000-7f1975b00000 rw-p 00000000 00:00 0 
7f1975c00000-7f1977d6a000 r-xp 00000000 00:144d 4611686019135190040      /nix/store/gpxl5qgg8kicmcvivwmybwjlpf7wh20l-graalvm17-ce-22.3.0/lib/libjvmcicompiler.so
7f1977d6a000-7f1977f69000 ---p 0216a000 00:144d 4611686019135190040      /nix/store/gpxl5qgg8kicmcvivwmybwjlpf7wh20l-graalvm17-ce-22.3.0/lib/libjvmcicompiler.so
7f1977f69000-7f1977f6a000 r--p 02169000 00:144d 4611686019135190040      /nix/store/gpxl5qgg8kicmcvivwmybwjlpf7wh20l-graalvm17-ce-22.3.0/lib/libjvmcicompiler.so
7f1977f6a000-7f1977f6c000 rw-p 0216a000 00:144d 4611686019135190040      /nix/store/gpxl5qgg8kicmcvivwmybwjlpf7wh20l-graalvm17-ce-22.3.0/lib/libjvmcicompiler.so
7f1977f6c000-7f1977f6d000 rw-p 00000000 00:00 0 
7f1977f6d000-7f1977f72000 rw-p 023c3000 00:144d 4611686019135190040      /nix/store/gpxl5qgg8kicmcvivwmybwjlpf7wh20l-graalvm17-ce-22.3.0/lib/libjvmcicompiler.so
7f1978000000-7f1978021000 rw-p 00000000 00:00 0 
7f1978021000-7f197c000000 ---p 00000000 00:00 0 
7f197c000000-7f197c021000 rw-p 00000000 00:00 0 
7f197c021000-7f1980000000 ---p 00000000 00:00 0 
7f1980000000-7f1980029000 rw-p 00000000 00:00 0 
7f1980029000-7f1984000000 ---p 00000000 00:00 0 
7f1984000000-7f1984021000 rw-p 00000000 00:00 0 
7f1984021000-7f1988000000 ---p 00000000 00:00 0 
7f1988000000-7f19880db000 rw-p 00000000 00:00 0 
7f19880db000-7f198c000000 ---p 00000000 00:00 0 
7f198c000000-7f198cb7b000 rw-p 00000000 00:00 0 
7f198cb7b000-7f1990000000 ---p 00000000 00:00 0 
7f1990000000-7f1990021000 rw-p 00000000 00:00 0 
7f1990021000-7f1994000000 ---p 00000000 00:00 0 
7f1994000000-7f1994021000 rw-p 00000000 00:00 0 
7f1994021000-7f1998000000 ---p 00000000 00:00 0 
7f1998000000-7f1998021000 rw-p 00000000 00:00 0 
7f1998021000-7f199c000000 ---p 00000000 00:00 0 
7f199c000000-7f199c021000 rw-p 00000000 00:00 0 
7f199c021000-7f19a0000000 ---p 00000000 00:00 0 
7f19a0000000-7f19a0021000 rw-p 00000000 00:00 0 
7f19a0021000-7f19a4000000 ---p 00000000 00:00 0 
7f19a4000000-7f19a4021000 rw-p 00000000 00:00 0 
7f19a4021000-7f19a8000000 ---p 00000000 00:00 0 
7f19a8000000-7f19a8086000 rw-p 00000000 00:00 0 
7f19a8086000-7f19ac000000 ---p 00000000 00:00 0 
7f19ac100000-7f19ac104000 ---p 00000000 00:00 0 
7f19ac104000-7f19ac200000 rw-p 00000000 00:00 0 
7f19ac300000-7f19ac304000 ---p 00000000 00:00 0 
7f19ac304000-7f19ac400000 rw-p 00000000 00:00 0 
7f19ac500000-7f19ac504000 ---p 00000000 00:00 0 
7f19ac504000-7f19ac600000 rw-p 00000000 00:00 0 
7f19ac700000-7f19ac704000 ---p 00000000 00:00 0 
7f19ac704000-7f19ac800000 rw-p 00000000 00:00 0 
7f19ac900000-7f19ac904000 ---p 00000000 00:00 0 
7f19ac904000-7f19aca00000 rw-p 00000000 00:00 0 
7f19acb00000-7f19acb04000 ---p 00000000 00:00 0 
7f19acb04000-7f19acc00000 rw-p 00000000 00:00 0 
7f19acc00000-7f19acc04000 ---p 00000000 00:00 0 
7f19acc04000-7f19acd00000 rw-p 00000000 00:00 0 
7f19acd00000-7f19acd04000 ---p 00000000 00:00 0 
7f19acd04000-7f19ace00000 rw-p 00000000 00:00 0 
7f19ace18000-7f19ace1c000 ---p 00000000 00:00 0 
7f19ace1c000-7f19acf18000 rw-p 00000000 00:00 0 
7f19acf18000-7f19acf19000 ---p 00000000 00:00 0 
7f19acf19000-7f19ad01a000 rw-p 00000000 00:00 0 
7f19ad01a000-7f19ad01e000 ---p 00000000 00:00 0 
7f19ad01e000-7f19ad11a000 rw-p 00000000 00:00 0 
7f19ad11a000-7f19ad11e000 ---p 00000000 00:00 0 
7f19ad11e000-7f19ad21a000 rw-p 00000000 00:00 0 
7f19ad21a000-7f19ad21e000 ---p 00000000 00:00 0 
7f19ad21e000-7f19ad31a000 rw-p 00000000 00:00 0 
7f19ad31a000-7f19ad31e000 ---p 00000000 00:00 0 
7f19ad31e000-7f19ad51a000 rw-p 00000000 00:00 0 
7f19ad51a000-7f19ad51e000 ---p 00000000 00:00 0 
7f19ad51e000-7f19ad71a000 rw-p 00000000 00:00 0 
7f19ad71a000-7f19ad71e000 ---p 00000000 00:00 0 
7f19ad71e000-7f19ad81a000 rw-p 00000000 00:00 0 
7f19ad81a000-7f19ad81e000 ---p 00000000 00:00 0 
7f19ad81e000-7f19ad91a000 rw-p 00000000 00:00 0 
7f19ad91a000-7f19adc00000 r--p 00000000 00:1281 28444448                 /usr/lib/locale/locale-archive
7f19adc00000-7f19ae000000 rw-p 00000000 00:00 0 
7f19ae000000-7f19ae300000 rw-p 00000000 00:00 0 
7f19ae300000-7f19ae400000 rw-p 00000000 00:00 0 
7f19ae471000-7f19ae473000 r-xp 00000000 00:144d 4611686019135190017      /nix/store/gpxl5qgg8kicmcvivwmybwjlpf7wh20l-graalvm17-ce-22.3.0/lib/libextnet.so
7f19ae473000-7f19ae474000 r--p 00001000 00:144d 4611686019135190017      /nix/store/gpxl5qgg8kicmcvivwmybwjlpf7wh20l-graalvm17-ce-22.3.0/lib/libextnet.so
7f19ae474000-7f19ae475000 rw-p 00002000 00:144d 4611686019135190017      /nix/store/gpxl5qgg8kicmcvivwmybwjlpf7wh20l-graalvm17-ce-22.3.0/lib/libextnet.so
7f19ae475000-7f19ae476000 rw-p 00004000 00:144d 4611686019135190017      /nix/store/gpxl5qgg8kicmcvivwmybwjlpf7wh20l-graalvm17-ce-22.3.0/lib/libextnet.so
7f19ae476000-7f19ae47a000 ---p 00000000 00:00 0 
7f19ae47a000-7f19ae498000 rw-p 00000000 00:00 0 
7f19ae498000-7f19ae4ad000 r-xp 00000000 00:144d 4611686019135192570      /nix/store/gpxl5qgg8kicmcvivwmybwjlpf7wh20l-graalvm17-ce-22.3.0/lib/libnet.so
7f19ae4ad000-7f19ae4ae000 ---p 00015000 00:144d 4611686019135192570      /nix/store/gpxl5qgg8kicmcvivwmybwjlpf7wh20l-graalvm17-ce-22.3.0/lib/libnet.so
7f19ae4ae000-7f19ae4af000 r--p 00015000 00:144d 4611686019135192570      /nix/store/gpxl5qgg8kicmcvivwmybwjlpf7wh20l-graalvm17-ce-22.3.0/lib/libnet.so
7f19ae4af000-7f19ae4b0000 rw-p 00016000 00:144d 4611686019135192570      /nix/store/gpxl5qgg8kicmcvivwmybwjlpf7wh20l-graalvm17-ce-22.3.0/lib/libnet.so
7f19ae4b0000-7f19ae4b3000 rw-p 0001b000 00:144d 4611686019135192570      /nix/store/gpxl5qgg8kicmcvivwmybwjlpf7wh20l-graalvm17-ce-22.3.0/lib/libnet.so
7f19ae4b3000-7f19af4b3000 rw-p 00000000 00:00 0 
7f19af4b3000-7f19af723000 rwxp 00000000 00:00 0 
7f19af723000-7f19afa42000 ---p 00000000 00:00 0 
7f19afa42000-7f19b0be2000 rwxp 00000000 00:00 0 
7f19b0be2000-7f19b6f7a000 ---p 00000000 00:00 0 
7f19b6f7a000-7f19b722a000 rwxp 00000000 00:00 0 
7f19b722a000-7f19be4b3000 ---p 00000000 00:00 0 
7f19be4b3000-7f19c8000000 r--s 00000000 00:144d 4611686019135192581      /nix/store/gpxl5qgg8kicmcvivwmybwjlpf7wh20l-graalvm17-ce-22.3.0/lib/modules
7f19c8000000-7f19c861d000 rw-p 00000000 00:00 0 
7f19c861d000-7f19cc000000 ---p 00000000 00:00 0 
7f19cc001000-7f19cc008000 r-xp 00000000 00:144d 4611686019135192580      /nix/store/gpxl5qgg8kicmcvivwmybwjlpf7wh20l-graalvm17-ce-22.3.0/lib/libzip.so
7f19cc008000-7f19cc009000 ---p 00007000 00:144d 4611686019135192580      /nix/store/gpxl5qgg8kicmcvivwmybwjlpf7wh20l-graalvm17-ce-22.3.0/lib/libzip.so
7f19cc009000-7f19cc00a000 r--p 00007000 00:144d 4611686019135192580      /nix/store/gpxl5qgg8kicmcvivwmybwjlpf7wh20l-graalvm17-ce-22.3.0/lib/libzip.so
7f19cc00a000-7f19cc00b000 rw-p 00008000 00:144d 4611686019135192580      /nix/store/gpxl5qgg8kicmcvivwmybwjlpf7wh20l-graalvm17-ce-22.3.0/lib/libzip.so
7f19cc00b000-7f19cc00d000 rw-p 0000b000 00:144d 4611686019135192580      /nix/store/gpxl5qgg8kicmcvivwmybwjlpf7wh20l-graalvm17-ce-22.3.0/lib/libzip.so
7f19cc00d000-7f19cc020000 r-xp 00000000 00:144d 4611686019135192571      /nix/store/gpxl5qgg8kicmcvivwmybwjlpf7wh20l-graalvm17-ce-22.3.0/lib/libnio.so
7f19cc020000-7f19cc021000 r--p 00012000 00:144d 4611686019135192571      /nix/store/gpxl5qgg8kicmcvivwmybwjlpf7wh20l-graalvm17-ce-22.3.0/lib/libnio.so
7f19cc021000-7f19cc022000 rw-p 00013000 00:144d 4611686019135192571      /nix/store/gpxl5qgg8kicmcvivwmybwjlpf7wh20l-graalvm17-ce-22.3.0/lib/libnio.so
7f19cc022000-7f19cc027000 rw-p 00019000 00:144d 4611686019135192571      /nix/store/gpxl5qgg8kicmcvivwmybwjlpf7wh20l-graalvm17-ce-22.3.0/lib/libnio.so
7f19cc027000-7f19cc02b000 ---p 00000000 00:00 0 
7f19cc02b000-7f19cc127000 rw-p 00000000 00:00 0 
7f19cc127000-7f19cc12b000 ---p 00000000 00:00 0 
7f19cc12b000-7f19cc227000 rw-p 00000000 00:00 0 
7f19cc227000-7f19cc22b000 ---p 00000000 00:00 0 
7f19cc22b000-7f19cc327000 rw-p 00000000 00:00 0 
7f19cc327000-7f19cc328000 ---p 00000000 00:00 0 
7f19cc328000-7f19cc429000 rw-p 00000000 00:00 0 
7f19cc429000-7f19cc4f7000 r-xp 00000000 00:144d 4611686019135190036      /nix/store/gpxl5qgg8kicmcvivwmybwjlpf7wh20l-graalvm17-ce-22.3.0/lib/libjsvml.so
7f19cc4f7000-7f19cc4f8000 r--p 000cd000 00:144d 4611686019135190036      /nix/store/gpxl5qgg8kicmcvivwmybwjlpf7wh20l-graalvm17-ce-22.3.0/lib/libjsvml.so
7f19cc4f8000-7f19cc4f9000 rw-p 000ce000 00:144d 4611686019135190036      /nix/store/gpxl5qgg8kicmcvivwmybwjlpf7wh20l-graalvm17-ce-22.3.0/lib/libjsvml.so
7f19cc4f9000-7f19ccdd1000 rw-p 00000000 00:00 0 
7f19ccdd1000-7f19ccdd2000 ---p 00000000 00:00 0 
7f19ccdd2000-7f19ccf7d000 rw-p 00000000 00:00 0 
7f19ccf7d000-7f19ccfb4000 rw-p 00000000 00:00 0 
7f19ccfb4000-7f19ccfd3000 ---p 00000000 00:00 0 
7f19ccfd3000-7f19ccfda000 rw-p 00000000 00:00 0 
7f19ccfda000-7f19cd0bf000 ---p 00000000 00:00 0 
7f19cd0bf000-7f19cd0e3000 rw-p 00000000 00:00 0 
7f19cd0e3000-7f19cd1aa000 ---p 00000000 00:00 0 
7f19cd1aa000-7f19cd1af000 rw-p 00000000 00:00 0 
7f19cd1af000-7f19cd1b6000 ---p 00000000 00:00 0 
7f19cd1b6000-7f19cd1da000 r-xp 00000000 00:144d 4611686019135190028      /nix/store/gpxl5qgg8kicmcvivwmybwjlpf7wh20l-graalvm17-ce-22.3.0/lib/libjava.so
7f19cd1da000-7f19cd1db000 ---p 00024000 00:144d 4611686019135190028      /nix/store/gpxl5qgg8kicmcvivwmybwjlpf7wh20l-graalvm17-ce-22.3.0/lib/libjava.so
7f19cd1db000-7f19cd1dc000 r--p 00024000 00:144d 4611686019135190028      /nix/store/gpxl5qgg8kicmcvivwmybwjlpf7wh20l-graalvm17-ce-22.3.0/lib/libjava.so
7f19cd1dc000-7f19cd1dd000 rw-p 00025000 00:144d 4611686019135190028      /nix/store/gpxl5qgg8kicmcvivwmybwjlpf7wh20l-graalvm17-ce-22.3.0/lib/libjava.so
7f19cd1dd000-7f19cd1de000 rw-p 00000000 00:00 0 
7f19cd1de000-7f19cd1e5000 rw-p 0002f000 00:144d 4611686019135190028      /nix/store/gpxl5qgg8kicmcvivwmybwjlpf7wh20l-graalvm17-ce-22.3.0/lib/libjava.so
7f19cd1e5000-7f19cd1ed000 rw-s 00000000 00:74c 372                       /tmp/hsperfdata_runner/54
7f19cd1ed000-7f19cd1ee000 ---p 00000000 00:00 0 
7f19cd1ee000-7f19cd1ef000 r--p 00000000 00:00 0 
7f19cd1ef000-7f19cd1f0000 rwxp 00000000 00:00 0 
7f19cd1f0000-7f19cd20b000 r-xp 00000000 00:144d 4611686019135190032      /nix/store/gpxl5qgg8kicmcvivwmybwjlpf7wh20l-graalvm17-ce-22.3.0/lib/libjimage.so
7f19cd20b000-7f19cd20c000 ---p 0001b000 00:144d 4611686019135190032      /nix/store/gpxl5qgg8kicmcvivwmybwjlpf7wh20l-graalvm17-ce-22.3.0/lib/libjimage.so
7f19cd20c000-7f19cd20e000 r--p 0001b000 00:144d 4611686019135190032      /nix/store/gpxl5qgg8kicmcvivwmybwjlpf7wh20l-graalvm17-ce-22.3.0/lib/libjimage.so
7f19cd20e000-7f19cd20f000 rw-p 0001d000 00:144d 4611686019135190032      /nix/store/gpxl5qgg8kicmcvivwmybwjlpf7wh20l-graalvm17-ce-22.3.0/lib/libjimage.so
7f19cd20f000-7f19cd210000 rw-p 00024000 00:144d 4611686019135190032      /nix/store/gpxl5qgg8kicmcvivwmybwjlpf7wh20l-graalvm17-ce-22.3.0/lib/libjimage.so
7f19cd210000-7f19cd214000 ---p 00000000 00:00 0 
7f19cd214000-7f19cd310000 rw-p 00000000 00:00 0 
7f19cd310000-7f19cd31e000 r--p 00000000 00:144d 4611686019027979927      /nix/store/4nlgxhb09sdr51nc9hdm8az5b08vzkgx-glibc-2.35-163/lib/libm.so.6
7f19cd31e000-7f19cd391000 r-xp 0000e000 00:144d 4611686019027979927      /nix/store/4nlgxhb09sdr51nc9hdm8az5b08vzkgx-glibc-2.35-163/lib/libm.so.6
7f19cd391000-7f19cd3ee000 r--p 00081000 00:144d 4611686019027979927      /nix/store/4nlgxhb09sdr51nc9hdm8az5b08vzkgx-glibc-2.35-163/lib/libm.so.6
7f19cd3ee000-7f19cd3ef000 r--p 000dd000 00:144d 4611686019027979927      /nix/store/4nlgxhb09sdr51nc9hdm8az5b08vzkgx-glibc-2.35-163/lib/libm.so.6
7f19cd3ef000-7f19cd3f0000 rw-p 000de000 00:144d 4611686019027979927      /nix/store/4nlgxhb09sdr51nc9hdm8az5b08vzkgx-glibc-2.35-163/lib/libm.so.6
7f19cd3f0000-7f19cd3f1000 r--p 00000000 00:144d 4611686019027979946      /nix/store/4nlgxhb09sdr51nc9hdm8az5b08vzkgx-glibc-2.35-163/lib/librt.so.1
7f19cd3f1000-7f19cd3f2000 r-xp 00001000 00:144d 4611686019027979946      /nix/store/4nlgxhb09sdr51nc9hdm8az5b08vzkgx-glibc-2.35-163/lib/librt.so.1
7f19cd3f2000-7f19cd3f3000 r--p 00002000 00:144d 4611686019027979946      /nix/store/4nlgxhb09sdr51nc9hdm8az5b08vzkgx-glibc-2.35-163/lib/librt.so.1
7f19cd3f3000-7f19cd3f4000 r--p 00002000 00:144d 4611686019027979946      /nix/store/4nlgxhb09sdr51nc9hdm8az5b08vzkgx-glibc-2.35-163/lib/librt.so.1
7f19cd3f4000-7f19cd3f5000 rw-p 00003000 00:144d 4611686019027979946      /nix/store/4nlgxhb09sdr51nc9hdm8az5b08vzkgx-glibc-2.35-163/lib/librt.so.1
7f19cd3f5000-7f19ce508000 r-xp 00000000 00:144d 4611686019135360866      /nix/store/gpxl5qgg8kicmcvivwmybwjlpf7wh20l-graalvm17-ce-22.3.0/lib/server/libjvm.so
7f19ce508000-7f19ce509000 ---p 01113000 00:144d 4611686019135360866      /nix/store/gpxl5qgg8kicmcvivwmybwjlpf7wh20l-graalvm17-ce-22.3.0/lib/server/libjvm.so
7f19ce509000-7f19ce5be000 r--p 01113000 00:144d 4611686019135360866      /nix/store/gpxl5qgg8kicmcvivwmybwjlpf7wh20l-graalvm17-ce-22.3.0/lib/server/libjvm.so
7f19ce5be000-7f19ce5f2000 rw-p 011c8000 00:144d 4611686019135360866      /nix/store/gpxl5qgg8kicmcvivwmybwjlpf7wh20l-graalvm17-ce-22.3.0/lib/server/libjvm.so
7f19ce5f2000-7f19ce64e000 rw-p 00000000 00:00 0 
7f19ce64e000-7f19ce676000 r--p 00000000 00:144d 4611686019027979918      /nix/store/4nlgxhb09sdr51nc9hdm8az5b08vzkgx-glibc-2.35-163/lib/libc.so.6
7f19ce676000-7f19ce7ec000 r-xp 00028000 00:144d 4611686019027979918      /nix/store/4nlgxhb09sdr51nc9hdm8az5b08vzkgx-glibc-2.35-163/lib/libc.so.6
7f19ce7ec000-7f19ce844000 r--p 0019e000 00:144d 4611686019027979918      /nix/store/4nlgxhb09sdr51nc9hdm8az5b08vzkgx-glibc-2.35-163/lib/libc.so.6
7f19ce844000-7f19ce848000 r--p 001f6000 00:144d 4611686019027979918      /nix/store/4nlgxhb09sdr51nc9hdm8az5b08vzkgx-glibc-2.35-163/lib/libc.so.6
7f19ce848000-7f19ce84a000 rw-p 001fa000 00:144d 4611686019027979918      /nix/store/4nlgxhb09sdr51nc9hdm8az5b08vzkgx-glibc-2.35-163/lib/libc.so.6
7f19ce84a000-7f19ce859000 rw-p 00000000 00:00 0 
7f19ce859000-7f19ce85a000 r--p 00000000 00:144d 4611686019027979923      /nix/store/4nlgxhb09sdr51nc9hdm8az5b08vzkgx-glibc-2.35-163/lib/libdl.so.2
7f19ce85a000-7f19ce85b000 r-xp 00001000 00:144d 4611686019027979923      /nix/store/4nlgxhb09sdr51nc9hdm8az5b08vzkgx-glibc-2.35-163/lib/libdl.so.2
7f19ce85b000-7f19ce85c000 r--p 00002000 00:144d 4611686019027979923      /nix/store/4nlgxhb09sdr51nc9hdm8az5b08vzkgx-glibc-2.35-163/lib/libdl.so.2
7f19ce85c000-7f19ce85d000 r--p 00002000 00:144d 4611686019027979923      /nix/store/4nlgxhb09sdr51nc9hdm8az5b08vzkgx-glibc-2.35-163/lib/libdl.so.2
7f19ce85d000-7f19ce85e000 rw-p 00003000 00:144d 4611686019027979923      /nix/store/4nlgxhb09sdr51nc9hdm8az5b08vzkgx-glibc-2.35-163/lib/libdl.so.2
7f19ce85e000-7f19ce85f000 r--p 00000000 00:144d 4611686019027979942      /nix/store/4nlgxhb09sdr51nc9hdm8az5b08vzkgx-glibc-2.35-163/lib/libpthread.so.0
7f19ce85f000-7f19ce860000 r-xp 00001000 00:144d 4611686019027979942      /nix/store/4nlgxhb09sdr51nc9hdm8az5b08vzkgx-glibc-2.35-163/lib/libpthread.so.0
7f19ce860000-7f19ce861000 r--p 00002000 00:144d 4611686019027979942      /nix/store/4nlgxhb09sdr51nc9hdm8az5b08vzkgx-glibc-2.35-163/lib/libpthread.so.0
7f19ce861000-7f19ce862000 r--p 00002000 00:144d 4611686019027979942      /nix/store/4nlgxhb09sdr51nc9hdm8az5b08vzkgx-glibc-2.35-163/lib/libpthread.so.0
7f19ce862000-7f19ce863000 rw-p 00003000 00:144d 4611686019027979942      /nix/store/4nlgxhb09sdr51nc9hdm8az5b08vzkgx-glibc-2.35-163/lib/libpthread.so.0
7f19ce863000-7f19ce871000 r-xp 00000000 00:144d 4611686019135190033      /nix/store/gpxl5qgg8kicmcvivwmybwjlpf7wh20l-graalvm17-ce-22.3.0/lib/libjli.so
7f19ce871000-7f19ce872000 ---p 0000e000 00:144d 4611686019135190033      /nix/store/gpxl5qgg8kicmcvivwmybwjlpf7wh20l-graalvm17-ce-22.3.0/lib/libjli.so
7f19ce872000-7f19ce873000 r--p 0000e000 00:144d 4611686019135190033      /nix/store/gpxl5qgg8kicmcvivwmybwjlpf7wh20l-graalvm17-ce-22.3.0/lib/libjli.so
7f19ce873000-7f19ce874000 rw-p 0000f000 00:144d 4611686019135190033      /nix/store/gpxl5qgg8kicmcvivwmybwjlpf7wh20l-graalvm17-ce-22.3.0/lib/libjli.so
7f19ce874000-7f19ce875000 rw-p 00012000 00:144d 4611686019135190033      /nix/store/gpxl5qgg8kicmcvivwmybwjlpf7wh20l-graalvm17-ce-22.3.0/lib/libjli.so
7f19ce875000-7f19ce878000 r--p 00000000 00:144d 4611686019106210071      /nix/store/026hln0aq1hyshaxsdvhg0kmcm6yf45r-zlib-1.2.13/lib/libz.so.1.2.13
7f19ce878000-7f19ce88a000 r-xp 00003000 00:144d 4611686019106210071      /nix/store/026hln0aq1hyshaxsdvhg0kmcm6yf45r-zlib-1.2.13/lib/libz.so.1.2.13
7f19ce88a000-7f19ce891000 r--p 00015000 00:144d 4611686019106210071      /nix/store/026hln0aq1hyshaxsdvhg0kmcm6yf45r-zlib-1.2.13/lib/libz.so.1.2.13
7f19ce891000-7f19ce892000 r--p 0001b000 00:144d 4611686019106210071      /nix/store/026hln0aq1hyshaxsdvhg0kmcm6yf45r-zlib-1.2.13/lib/libz.so.1.2.13
7f19ce892000-7f19ce893000 rw-p 0001c000 00:144d 4611686019106210071      /nix/store/026hln0aq1hyshaxsdvhg0kmcm6yf45r-zlib-1.2.13/lib/libz.so.1.2.13
7f19ce893000-7f19ce895000 rw-p 00000000 00:00 0 
7f19ce895000-7f19ce897000 r--p 00000000 00:144d 4611686019027979912      /nix/store/4nlgxhb09sdr51nc9hdm8az5b08vzkgx-glibc-2.35-163/lib/ld-linux-x86-64.so.2
7f19ce897000-7f19ce8be000 r-xp 00002000 00:144d 4611686019027979912      /nix/store/4nlgxhb09sdr51nc9hdm8az5b08vzkgx-glibc-2.35-163/lib/ld-linux-x86-64.so.2
7f19ce8be000-7f19ce8ca000 r--p 00029000 00:144d 4611686019027979912      /nix/store/4nlgxhb09sdr51nc9hdm8az5b08vzkgx-glibc-2.35-163/lib/ld-linux-x86-64.so.2
7f19ce8ca000-7f19ce8cc000 r--p 00034000 00:144d 4611686019027979912      /nix/store/4nlgxhb09sdr51nc9hdm8az5b08vzkgx-glibc-2.35-163/lib/ld-linux-x86-64.so.2
7f19ce8cc000-7f19ce8ce000 rw-p 00036000 00:144d 4611686019027979912      /nix/store/4nlgxhb09sdr51nc9hdm8az5b08vzkgx-glibc-2.35-163/lib/ld-linux-x86-64.so.2
7ffd298f3000-7ffd29917000 rw-p 00000000 00:00 0                          [stack]
7ffd299bd000-7ffd299c1000 r--p 00000000 00:00 0                          [vvar]
7ffd299c1000-7ffd299c3000 r-xp 00000000 00:00 0                          [vdso]
ffffffffff600000-ffffffffff601000 --xp 00000000 00:00 0                  [vsyscall]


VM Arguments:
jvm_args: -XX:ThreadPriorityPolicy=1 -XX:+UnlockExperimentalVMOptions -XX:+EnableJVMCIProduct -XX:JVMCIThreadsPerNativeLibraryRuntime=1 -XX:-UnlockExperimentalVMOptions -Declipse.application=org.eclipse.jdt.ls.core.id1 -Dosgi.bundles.defaultStartLevel=4 -Declipse.product=org.eclipse.jdt.ls.core.product -Dlog.level=ALL -Xverify:none -XX:+UseParallelGC -XX:GCTimeRatio=4 -XX:AdaptiveSizePolicyWeight=90 -Dsun.zip.disableMemoryMapping=true -Xmx512m -Xms100m 
java_command: /nix/store/m6gcpi1ii6rghy04cjwjddcavv7i90df-jdt-language-server-1.9.0/share/java/plugins/org.eclipse.equinox.launcher_1.6.400.v20210924-0641.jar --add-modules=ALL-SYSTEM --add-opens java.base/java.util=ALL-UNNAMED --add-opens java.base/java.lang=ALL-UNNAMED -configuration /home/runner/.cache/jdt-language-server/config -data /home/runner/.cache/jdt-language-server/data/home/runner/CS-140-Lab-4
java_class_path (initial): /nix/store/m6gcpi1ii6rghy04cjwjddcavv7i90df-jdt-language-server-1.9.0/share/java/plugins/org.eclipse.equinox.launcher_1.6.400.v20210924-0641.jar
Launcher Type: SUN_STANDARD

[Global flags]
    uintx AdaptiveSizePolicyWeight                 = 90                                        {product} {command line}
     intx CICompilerCount                          = 2                                         {product} {ergonomic}
     bool EnableJVMCIProduct                       = true                                {JVMCI product} {jimage}
    uintx GCTimeRatio                              = 4                                         {product} {command line}
   size_t InitialHeapSize                          = 104857600                                 {product} {command line}
     uint JVMCIThreadsPerNativeLibraryRuntime      = 1                                   {JVMCI product} {jimage}
   size_t MaxHeapSize                              = 536870912                                 {product} {command line}
   size_t MaxNewSize                               = 178782208                                 {product} {ergonomic}
   size_t MinHeapDeltaBytes                        = 524288                                    {product} {ergonomic}
   size_t MinHeapSize                              = 104857600                                 {product} {command line}
   size_t NewSize                                  = 34603008                                  {product} {ergonomic}
    uintx NonNMethodCodeHeapSize                   = 5826188                                {pd product} {ergonomic}
    uintx NonProfiledCodeHeapSize                  = 122916026                              {pd product} {ergonomic}
   size_t OldSize                                  = 70254592                                  {product} {ergonomic}
    uintx ProfiledCodeHeapSize                     = 122916026                              {pd product} {ergonomic}
    uintx ReservedCodeCacheSize                    = 251658240                              {pd product} {ergonomic}
     bool SegmentedCodeCache                       = true                                      {product} {ergonomic}
   size_t SoftMaxHeapSize                          = 536870912                              {manageable} {ergonomic}
     intx ThreadPriorityPolicy                     = 1                                         {product} {jimage}
     bool UseCompressedClassPointers               = true                           {product lp64_product} {ergonomic}
     bool UseCompressedOops                        = true                           {product lp64_product} {ergonomic}
     bool UseParallelGC                            = true                                      {product} {command line}

Logging:
Log output configuration:
 #0: stdout all=warning uptime,level,tags
 #1: stderr all=off uptime,level,tags

Environment Variables:
JAVA_HOME=/nix/store/gpxl5qgg8kicmcvivwmybwjlpf7wh20l-graalvm17-ce-22.3.0
PATH=/nix/store/1d6ian3r8kdzspw8hacjhl3xkp40g1lj-binutils-wrapper-2.39/bin:/nix/store/dq0xwmsk1g0i2ayg6pb7y87na2knzylh-gcc-wrapper-11.3.0/bin:/nix/store/bap4d0lpcrhpwmpb8ayjcgkmvfj62lnq-bash-interactive-5.1-p16/bin:/nix/store/pr5n59mb4jzmfx6kanwxly0l07p861fg-patchelf-0.15.0/bin:/nix/store/1gf2flfqnpqbr1b4p4qz2f72y42bs56r-gcc-11.3.0/bin:/nix/store/57xv61c5zi8pphjbcwxxjlgc34p61ic9-glibc-2.35-163-bin/bin:/nix/store/a7gvj343m05j2s32xcnwr35v31ynlypr-coreutils-9.1/bin:/nix/store/039g378vc3pc3dvi9dzdlrd0i4q93qwf-binutils-2.39/bin:/nix/store/gpxl5qgg8kicmcvivwmybwjlpf7wh20l-graalvm17-ce-22.3.0/bin:/nix/store/6z9ag3ihc8mq2hzsw48lhbznvzny65nz-apache-maven-3.8.6/bin:/nix/store/m6gcpi1ii6rghy04cjwjddcavv7i90df-jdt-language-server-1.9.0/bin:/nix/store/84xs5alhs01zrbr4ywm05kxbjbp5590l-java-debug/bin:/nix/store/mydc6f4k2z73xlcz7ilif3v2lcaiqvza-findutils-4.9.0/bin:/nix/store/j9p3g8472iijd50vhdprx0nmk2fqn5gv-diffutils-3.8/bin:/nix/store/89zs7rms6x00xfq4dq6m7mjnhkr8a6r4-gnused-4.8/bin:/nix/store/86bp03jkmsl6f92w0yzg4s59g5mhxwmy-gnugrep-3.7/bin:/nix/store/hwcdqw4jrjnd37wxqgsd47hd0j8bnj09-gawk-5.1.1/bin:/nix/store/cfbhw8r8ags41vwqaz47r583d0p4h4a1-gnutar-1.34/bin:/nix/store/p3m1ndl1lapwrlh698bnb5lvvxh67378-gzip-1.12/bin:/nix/store/a8mhcagrsly7c7mpjrpsnaahk4aax056-bzip2-1.0.8-bin/bin:/nix/store/mblgz65m3zv9x548a3d5m96fj2pbwr09-gnumake-4.3/bin:/nix/store/dsd5gz46hdbdk2rfdimqddhq6m8m8fqs-bash-5.1-p16/bin:/nix/store/v7ljksji50mg3w61dykaa3n3y79n6nil-patch-2.7.6/bin:/nix/store/zlcnmqq14jz5x9439jf937mvayyl63da-xz-5.2.7-bin/bin:/nix/store/y6aj732zm9m87c82fpvf103a1xb22blp-file-5.43/bin:/nix/store/sgqd0ajghcv2axfl1lad0b1alyavp0dc-prybar-elisp-0.0.0-67f7a00/bin:/nix/store/p3hsvljpgs68jqwar41lc0jqhjj734lf-prybar-lua-0.0.0-67f7a00/bin:/nix/store/qzxs2gybds3s9kb1vkaflpgm2nwr85fh-prybar-python3-0.0.0-67f7a00/bin:/nix/store/km94z9mxp8w4m8gxxp5mbfpdf3nkfvd8-prybar-sqlite-0.0.0-67f7a00/bin:/nix/store/2pnc7b76asw0z59c4l6h6qy8arwqrii1-prybar-tcl-0.0.0-67f7a00/bin:/nix/store/hpbvrlwd5viqmvcaisb3x0118i913a9n-st
LD_LIBRARY_PATH=/nix/store/a4pff549sk2idnkpzk5nsfps3mdkdnvm-cups-2.4.2-lib/lib:/nix/store/72mqxxhh3cy5yifh92wh2yb8cl2hikyy-cairo-1.16.0/lib:/nix/store/2k366jrbsra97gjfxwvrhvixjfxdach5-glib-2.74.1/lib:/nix/store/2j2znigd8ak37rlwh9khz0ry3clqlw1l-gtk+3-3.24.34/lib:/nix/store/hisqvx32cd57apbpcsnkpx6k3549wql1-libglvnd-1.4.0/lib:/nix/store/p36pgcv991mq5srvg765b78yqpxvk3qs-mesa-21.3.3-drivers/lib:/nix/store/mav4251if1ahjq5vkpwycyyvnmy459c4-pulseaudio-14.2/lib
DISPLAY=:0
LANG=en_US.UTF-8

Signal Handlers:
   SIGSEGV: crash_handler in libjvm.so, mask=11100100010111111101111111111110, flags=SA_RESTART|SA_SIGINFO
    SIGBUS: crash_handler in libjvm.so, mask=11100100010111111101111111111110, flags=SA_RESTART|SA_SIGINFO
    SIGFPE: crash_handler in libjvm.so, mask=11100100010111111101111111111110, flags=SA_RESTART|SA_SIGINFO
   SIGPIPE: IsolateEnterStub_IgnoreSIGPIPEStartupHook_noopSignalHandler_8f19bff2f35b5f630d83b364d6b2339320d4ec70_216e8361c6bc87a8f89f58cc10d3b2fd4415bf87 in libjvmcicompiler.so, mask=00000000000000000000000000000000, flags=SA_RESTART
  *** Handler was modified!
  *** Expected: javaSignalHandler in libjvm.so, mask=11100100110111111111111111111110, flags=SA_RESTART|SA_SIGINFO
   SIGXFSZ: javaSignalHandler in libjvm.so, mask=11100100010111111101111111111110, flags=SA_RESTART|SA_SIGINFO
    SIGILL: crash_handler in libjvm.so, mask=11100100010111111101111111111110, flags=SA_RESTART|SA_SIGINFO
   SIGUSR2: SR_handler in libjvm.so, mask=00000000000000000000000000000000, flags=SA_RESTART|SA_SIGINFO
    SIGHUP: UserHandler in libjvm.so, mask=11100100010111111101111111111110, flags=SA_RESTART|SA_SIGINFO
    SIGINT: UserHandler in libjvm.so, mask=11100100010111111101111111111110, flags=SA_RESTART|SA_SIGINFO
   SIGTERM: UserHandler in libjvm.so, mask=11100100010111111101111111111110, flags=SA_RESTART|SA_SIGINFO
   SIGQUIT: UserHandler in libjvm.so, mask=11100100010111111101111111111110, flags=SA_RESTART|SA_SIGINFO
  *** Handler was modified!
  *** Expected: javaSignalHandler in libjvm.so, mask=11100100110111111111111111111110, flags=SA_RESTART|SA_SIGINFO
   SIGTRAP: crash_handler in libjvm.so, mask=11100100010111111101111111111110, flags=SA_RESTART|SA_SIGINFO


---------------  S Y S T E M  ---------------

OS:
DISTRIB_ID=Ubuntu
DISTRIB_RELEASE=20.04
DISTRIB_CODENAME=focal
DISTRIB_DESCRIPTION="Ubuntu 20.04.2 LTS"
uname: Linux 5.15.0-1029-gcp #36~20.04.1-Ubuntu SMP Tue Jan 24 16:54:15 UTC 2023 x86_64
OS uptime: 0 days 23:52 hours
libc: glibc 2.35 NPTL 2.35 
rlimit (soft/hard): STACK 8192k/infinity , CORE infinity/infinity , NPROC infinity/infinity , NOFILE 5242/5242 , AS infinity/infinity , CPU infinity/infinity , DATA infinity/infinity , FSIZE infinity/infinity , MEMLOCK 64k/64k
load average: 8.62 9.78 9.58

/proc/meminfo:
MemTotal:       65852720 kB
MemFree:        20053976 kB
MemAvailable:   50779988 kB
Buffers:         4145312 kB
Cached:         25176168 kB
SwapCached:            0 kB
Active:         13565472 kB
Inactive:       28020604 kB
Active(anon):      12040 kB
Inactive(anon): 12031500 kB
Active(file):   13553432 kB
Inactive(file): 15989104 kB
Unevictable:       44416 kB
Mlocked:           44416 kB
SwapTotal:             0 kB
SwapFree:              0 kB
Dirty:              2792 kB
Writeback:             0 kB
AnonPages:      11154848 kB
Mapped:          1548412 kB
Shmem:             41068 kB
KReclaimable:    1910080 kB
Slab:            3340508 kB
SReclaimable:    1910080 kB
SUnreclaim:      1430428 kB
KernelStack:      372148 kB
PageTables:       101268 kB
NFS_Unstable:          0 kB
Bounce:                0 kB
WritebackTmp:          0 kB
CommitLimit:    32926360 kB
Committed_AS:   49926200 kB
VmallocTotal:   34359738367 kB
VmallocUsed:      415556 kB
VmallocChunk:          0 kB
Percpu:            69280 kB
HardwareCorrupted:     0 kB
AnonHugePages:    647168 kB
ShmemHugePages:        0 kB
ShmemPmdMapped:        0 kB
FileHugePages:         0 kB
FilePmdMapped:         0 kB
HugePages_Total:       0
HugePages_Free:        0
HugePages_Rsvd:        0
HugePages_Surp:        0
Hugepagesize:       2048 kB
Hugetlb:               0 kB
DirectMap4k:     5534528 kB
DirectMap2M:    47939584 kB
DirectMap1G:    15728640 kB

/sys/kernel/mm/transparent_hugepage/enabled: always [madvise] never
/sys/kernel/mm/transparent_hugepage/defrag (defrag/compaction efforts parameter): always defer defer+madvise [madvise] never

Process Memory:
Virtual Size: 5122684K (peak: 5153596K)
Resident Set Size: 804920K (peak: 839744K) (anon: 610624K, file: 194296K, shmem: 0K)
Swapped out: 0K
C-Heap outstanding allocations: 42494K, retained: 14009K
glibc malloc tunables: (default)

/proc/sys/kernel/threads-max (system-wide limit on the number of threads): 514406
/proc/sys/vm/max_map_count (maximum number of memory map areas a process may have): 65530
/proc/sys/kernel/pid_max (system-wide limit on number of process identifiers): 4194304

container (cgroup) information:
container_type: cgroupv1
cpu_cpuset_cpus: 2-7
cpu_memory_nodes: 0
active_processor_count: 1
cpu_quota: 50000
cpu_period: 100000
cpu_shares: 512
memory_limit_in_bytes: 1048576 k
memory_and_swap_limit_in_bytes: 1048576 k
memory_soft_limit_in_bytes: 524288 k
memory_usage_in_bytes: 988636 k
memory_max_usage_in_bytes: 1048576 k
maximum number of tasks: 1000
current number of tasks: 59

KVM virtualization detected
Steal ticks since vm start: 0
Steal ticks percentage since vm start:  0.000

CPU: total 8 (initial active 1) (8 cores per cpu, 2 threads per core) family 23 model 49 stepping 0 microcode 0xffffffff, cx8, cmov, fxsr, ht, mmx, 3dnowpref, sse, sse2, sse3, ssse3, sse4a, sse4.1, sse4.2, popcnt, lzcnt, tsc, tscinvbit, avx, avx2, aes, clmul, bmi1, bmi2, adx, sha, fma, vzeroupper, clflush, clflushopt, hv
CPU Model and flags from /proc/cpuinfo:
model name	: AMD EPYC 7B12
flags		: fpu vme de pse tsc msr pae mce cx8 apic sep mtrr pge mca cmov pat pse36 clflush mmx fxsr sse sse2 ht syscall nx mmxext fxsr_opt pdpe1gb rdtscp lm constant_tsc rep_good nopl nonstop_tsc cpuid extd_apicid tsc_known_freq pni pclmulqdq ssse3 fma cx16 sse4_1 sse4_2 movbe popcnt aes xsave avx f16c rdrand hypervisor lahf_lm cmp_legacy cr8_legacy abm sse4a misalignsse 3dnowprefetch osvw topoext ssbd ibrs ibpb stibp vmmcall fsgsbase tsc_adjust bmi1 avx2 smep bmi2 rdseed adx smap clflushopt clwb sha_ni xsaveopt xsavec xgetbv1 clzero xsaveerptr arat npt nrip_save umip rdpid

Online cpus: 0-7
Offline cpus: 
BIOS frequency limitation: <Not Available>
Frequency switch latency (ns): <Not Available>
Available cpu frequencies: <Not Available>
Current governor: <Not Available>
Core performance/turbo boost: <Not Available>

Memory: 4k page, physical 1048576k(59936k free), swap 0k(0k free)
Page Sizes: 4k

vm_info: OpenJDK 64-Bit Server VM (17.0.5+8-jvmci-22.3-b08) for linux-amd64 JRE (17.0.5+8-jvmci-22.3-b08), built on Oct 19 2022 09:01:27 by "buildslave" with gcc 10.3.0

END.
